#
# There is insufficient memory for the Java Runtime Environment to continue.
# Native memory allocation (malloc) failed to allocate 32744 bytes for ChunkPool::allocate
# Possible reasons:
#   The system is out of physical RAM or swap space
#   The process is running with CompressedOops enabled, and the Java Heap may be blocking the growth of the native heap
# Possible solutions:
#   Reduce memory load on the system
#   Increase physical memory or swap space
#   Check if swap backing store is full
#   Decrease Java heap size (-Xmx/-Xms)
#   Decrease number of Java threads
#   Decrease Java thread stack sizes (-Xss)
#   Set larger code cache with -XX:ReservedCodeCacheSize=
#   JVM is running with Unscaled Compressed Oops mode in which the Java heap is
#     placed in the first 4GB address space. The Java Heap base address is the
#     maximum limit for the native heap growth. Please use -XX:HeapBaseMinAddress
#     to set the Java Heap base and to place the Java Heap above 4GB virtual address.
# This output file may be truncated or incomplete.
#
#  Out of Memory Error (./src/hotspot/share/memory/arena.cpp:81), pid=18272, tid=18428
#
# JRE version: OpenJDK Runtime Environment (11.0.13) (build 11.0.13+0-b1751.21-8125866)
# Java VM: OpenJDK 64-Bit Server VM (11.0.13+0-b1751.21-8125866, mixed mode, tiered, compressed oops, g1 gc, windows-amd64)
# No core dump will be written. Minidumps are not enabled by default on client versions of Windows
#

---------------  S U M M A R Y ------------

Command Line: --add-opens=java.base/java.util=ALL-UNNAMED --add-opens=java.base/java.lang=ALL-UNNAMED --add-opens=java.base/java.lang.invoke=ALL-UNNAMED --add-opens=java.base/java.util=ALL-UNNAMED --add-opens=java.prefs/java.util.prefs=ALL-UNNAMED --add-opens=java.prefs/java.util.prefs=ALL-UNNAMED --add-opens=java.base/java.nio.charset=ALL-UNNAMED --add-opens=java.base/java.net=ALL-UNNAMED --add-opens=java.base/java.util.concurrent.atomic=ALL-UNNAMED -Xmx2048M -Dfile.encoding=windows-1253 -Duser.country=US -Duser.language=en -Duser.variant org.gradle.launcher.daemon.bootstrap.GradleDaemon 7.5

Host: Intel(R) Core(TM) i7-4710HQ CPU @ 2.50GHz, 8 cores, 15G,  Windows 10 , 64 bit Build 19041 (10.0.19041.3636)
Time: Sat Jan 13 11:52:32 2024 GTB Standard Time elapsed time: 170.606383 seconds (0d 0h 2m 50s)

---------------  T H R E A D  ---------------

Current thread (0x000001d232222000):  JavaThread "C2 CompilerThread0" daemon [_thread_in_native, id=18428, stack(0x000000c19b700000,0x000000c19b800000)]


Current CompileTask:
C2: 170606 17137       4       org.gradle.internal.logging.sink.OutputEventTransformer::onOutput (399 bytes)

Stack: [0x000000c19b700000,0x000000c19b800000]
Native frames: (J=compiled Java code, j=interpreted, Vv=VM code, C=native code)
V  [jvm.dll+0x6100fa]
V  [jvm.dll+0x747090]
V  [jvm.dll+0x7486ad]
V  [jvm.dll+0x748d83]
V  [jvm.dll+0x24ab48]
V  [jvm.dll+0xc075b]
V  [jvm.dll+0xc0a0c]
V  [jvm.dll+0x34325e]
V  [jvm.dll+0x6305e8]
V  [jvm.dll+0x62d50c]
V  [jvm.dll+0x62524a]
V  [jvm.dll+0x6248b3]
V  [jvm.dll+0x622904]
V  [jvm.dll+0x18b5ac]
V  [jvm.dll+0x18c2f9]
V  [jvm.dll+0x2beb9f]
V  [jvm.dll+0x62d4e5]
V  [jvm.dll+0x62524a]
V  [jvm.dll+0x6248b3]
V  [jvm.dll+0x622904]
V  [jvm.dll+0x18b5ac]
V  [jvm.dll+0x202155]
V  [jvm.dll+0x188e01]
V  [jvm.dll+0x21106b]
V  [jvm.dll+0x20f8c1]
V  [jvm.dll+0x70de0f]
V  [jvm.dll+0x706a75]
V  [jvm.dll+0x60ed66]
C  [ucrtbase.dll+0x21bb2]
C  [KERNEL32.DLL+0x17344]
C  [ntdll.dll+0x526b1]


---------------  P R O C E S S  ---------------

Threads class SMR info:
_java_thread_list=0x000001d235f61060, length=144, elements={
0x000001d2174f4800, 0x000001d2321fe000, 0x000001d232207800, 0x000001d23221a000,
0x000001d23221d800, 0x000001d23221f000, 0x000001d232222000, 0x000001d232266800,
0x000001d23226b800, 0x000001d2323d9000, 0x000001d234c0c800, 0x000001d232bad800,
0x000001d232edd800, 0x000001d233659800, 0x000001d23365d800, 0x000001d23365c000,
0x000001d23365c800, 0x000001d23365a000, 0x000001d233658800, 0x000001d2344d6800,
0x000001d2344dd000, 0x000001d2344da000, 0x000001d2344d7800, 0x000001d2344de800,
0x000001d2344e1000, 0x000001d2344e0800, 0x000001d235697800, 0x000001d235695000,
0x000001d235696000, 0x000001d235692000, 0x000001d237e03000, 0x000001d237dfd800,
0x000001d237e00800, 0x000001d237dfe800, 0x000001d237e04000, 0x000001d237e05000,
0x000001d235690000, 0x000001d235691000, 0x000001d23568f800, 0x000001d235692800,
0x000001d23568e800, 0x000001d23568d000, 0x000001d235693800, 0x000001d23568d800,
0x000001d23569a000, 0x000001d235696800, 0x000001d235694000, 0x000001d235699000,
0x000001d23569b000, 0x000001d23569b800, 0x000001d237dfc800, 0x000001d237e00000,
0x000001d237e01800, 0x000001d237e02800, 0x000001d237dff000, 0x000001d237e09800,
0x000001d237e07800, 0x000001d237e05800, 0x000001d237e0a800, 0x000001d237e08000,
0x000001d237e09000, 0x000001d237e0b800, 0x000001d237e06800, 0x000001d2344db800,
0x000001d2344df800, 0x000001d2344de000, 0x000001d2344da800, 0x000001d2344e5800,
0x000001d2344e2000, 0x000001d2344e3000, 0x000001d2344e3800, 0x000001d2344e4800,
0x000001d233658000, 0x000001d23365e800, 0x000001d23b174000, 0x000001d23b179800,
0x000001d23b17a800, 0x000001d23b178000, 0x000001d23b174800, 0x000001d23b17b000,
0x000001d23b175800, 0x000001d23b17c000, 0x000001d23b177000, 0x000001d23b176800,
0x000001d23b17e800, 0x000001d23b179000, 0x000001d23b180000, 0x000001d23b17f800,
0x000001d23b181000, 0x000001d23b182000, 0x000001d23b17d800, 0x000001d23b182800,
0x000001d23b17d000, 0x000001d23d455000, 0x000001d23d45b800, 0x000001d23d458800,
0x000001d23d456000, 0x000001d23d45c800, 0x000001d23d459000, 0x000001d23d457000,
0x000001d23d45b000, 0x000001d23d45a000, 0x000001d23d45d800, 0x000001d23d457800,
0x000001d23d460800, 0x000001d23d463000, 0x000001d23d45e000, 0x000001d23d461800,
0x000001d23d45f000, 0x000001d23d460000, 0x000001d23d462000, 0x000001d23d464000,
0x000001d23ecd4000, 0x000001d23ecd5000, 0x000001d23ecd6800, 0x000001d23ecd2800,
0x000001d23ecd3800, 0x000001d23ecd7800, 0x000001d23ecd6000, 0x000001d23ecd2000,
0x000001d23ecd8800, 0x000001d23ecde000, 0x000001d23ecdf000, 0x000001d23ecd9000,
0x000001d23ecdf800, 0x000001d23ecda000, 0x000001d23ecdd000, 0x000001d23ece0800,
0x000001d23ecdb000, 0x000001d23ecdb800, 0x000001d23ecdc800, 0x000001d23386d800,
0x000001d233872000, 0x000001d233870800, 0x000001d23386f000, 0x000001d233873000,
0x000001d233874000, 0x000001d23386e000, 0x000001d233874800, 0x000001d233871800,
0x000001d233875800, 0x000001d23386f800, 0x000001d233876800, 0x000001d234ca3000
}

Java Threads: ( => current thread )
  0x000001d2174f4800 JavaThread "main" [_thread_blocked, id=2600, stack(0x000000c19ab00000,0x000000c19ac00000)]
  0x000001d2321fe000 JavaThread "Reference Handler" daemon [_thread_blocked, id=18784, stack(0x000000c19b200000,0x000000c19b300000)]
  0x000001d232207800 JavaThread "Finalizer" daemon [_thread_blocked, id=19908, stack(0x000000c19b300000,0x000000c19b400000)]
  0x000001d23221a000 JavaThread "Signal Dispatcher" daemon [_thread_blocked, id=9684, stack(0x000000c19b400000,0x000000c19b500000)]
  0x000001d23221d800 JavaThread "Attach Listener" daemon [_thread_blocked, id=17176, stack(0x000000c19b500000,0x000000c19b600000)]
  0x000001d23221f000 JavaThread "Service Thread" daemon [_thread_blocked, id=14064, stack(0x000000c19b600000,0x000000c19b700000)]
=>0x000001d232222000 JavaThread "C2 CompilerThread0" daemon [_thread_in_native, id=18428, stack(0x000000c19b700000,0x000000c19b800000)]
  0x000001d232266800 JavaThread "C1 CompilerThread0" daemon [_thread_in_native, id=6864, stack(0x000000c19b800000,0x000000c19b900000)]
  0x000001d23226b800 JavaThread "Sweeper thread" daemon [_thread_blocked, id=18424, stack(0x000000c19b900000,0x000000c19ba00000)]
  0x000001d2323d9000 JavaThread "Common-Cleaner" daemon [_thread_blocked, id=18964, stack(0x000000c19ba00000,0x000000c19bb00000)]
  0x000001d234c0c800 JavaThread "Daemon health stats" [_thread_blocked, id=10356, stack(0x000000c19c300000,0x000000c19c400000)]
  0x000001d232bad800 JavaThread "Incoming local TCP Connector on port 63746" [_thread_in_native, id=19580, stack(0x000000c19bc00000,0x000000c19bd00000)]
  0x000001d232edd800 JavaThread "Daemon periodic checks" [_thread_blocked, id=2092, stack(0x000000c19bd00000,0x000000c19be00000)]
  0x000001d233659800 JavaThread "Cache worker for journal cache (C:\Users\panpa\.gradle\caches\journal-1)" [_thread_blocked, id=9524, stack(0x000000c19cb00000,0x000000c19cc00000)]
  0x000001d23365d800 JavaThread "File lock request listener" [_thread_in_native, id=10876, stack(0x000000c19cc00000,0x000000c19cd00000)]
  0x000001d23365c000 JavaThread "Cache worker for file hash cache (C:\Users\panpa\.gradle\caches\7.5\fileHashes)" [_thread_blocked, id=19652, stack(0x000000c19cd00000,0x000000c19ce00000)]
  0x000001d23365c800 JavaThread "File watcher server" daemon [_thread_in_native, id=17148, stack(0x000000c19d300000,0x000000c19d400000)]
  0x000001d23365a000 JavaThread "File watcher consumer" daemon [_thread_blocked, id=8136, stack(0x000000c19d400000,0x000000c19d500000)]
  0x000001d233658800 JavaThread "Cache worker for file content cache (C:\Users\panpa\.gradle\caches\7.5\fileContent)" [_thread_blocked, id=18416, stack(0x000000c19d600000,0x000000c19d700000)]
  0x000001d2344d6800 JavaThread "Cache worker for execution history cache (C:\Users\panpa\.gradle\caches\7.5\executionHistory)" [_thread_blocked, id=13940, stack(0x000000c19da00000,0x000000c19db00000)]
  0x000001d2344dd000 JavaThread "jar transforms" [_thread_blocked, id=13800, stack(0x000000c19dc00000,0x000000c19dd00000)]
  0x000001d2344da000 JavaThread "Cache worker for kotlin-dsl (C:\Users\panpa\.gradle\caches\7.5\kotlin-dsl)" [_thread_blocked, id=18624, stack(0x000000c19dd00000,0x000000c19de00000)]
  0x000001d2344d7800 JavaThread "jar transforms Thread 2" [_thread_blocked, id=18540, stack(0x000000c19db00000,0x000000c19dc00000)]
  0x000001d2344de800 JavaThread "jar transforms Thread 3" [_thread_blocked, id=5636, stack(0x000000c19e100000,0x000000c19e200000)]
  0x000001d2344e1000 JavaThread "Memory manager" [_thread_blocked, id=19008, stack(0x000000c19e200000,0x000000c19e300000)]
  0x000001d2344e0800 JavaThread "jar transforms Thread 4" [_thread_blocked, id=8796, stack(0x000000c19e300000,0x000000c19e400000)]
  0x000001d235697800 JavaThread "jar transforms Thread 5" [_thread_blocked, id=9988, stack(0x000000c1a3c00000,0x000000c1a3d00000)]
  0x000001d235695000 JavaThread "jar transforms Thread 6" [_thread_blocked, id=20204, stack(0x000000c1a3d00000,0x000000c1a3e00000)]
  0x000001d235696000 JavaThread "jar transforms Thread 7" [_thread_blocked, id=1320, stack(0x000000c1a3e00000,0x000000c1a3f00000)]
  0x000001d235692000 JavaThread "jar transforms Thread 8" [_thread_blocked, id=9472, stack(0x000000c1a3f00000,0x000000c1a4000000)]
  0x000001d237e03000 JavaThread "ForkJoinPool.commonPool-worker-5" daemon [_thread_blocked, id=5084, stack(0x000000c1a4900000,0x000000c1a4a00000)]
  0x000001d237dfd800 JavaThread "ForkJoinPool.commonPool-worker-7" daemon [_thread_blocked, id=17512, stack(0x000000c1a4a00000,0x000000c1a4b00000)]
  0x000001d237e00800 JavaThread "ForkJoinPool.commonPool-worker-9" daemon [_thread_blocked, id=14568, stack(0x000000c1a4b00000,0x000000c1a4c00000)]
  0x000001d237dfe800 JavaThread "ForkJoinPool.commonPool-worker-11" daemon [_thread_blocked, id=7504, stack(0x000000c1a4c00000,0x000000c1a4d00000)]
  0x000001d237e04000 JavaThread "ForkJoinPool.commonPool-worker-13" daemon [_thread_blocked, id=8472, stack(0x000000c1a4d00000,0x000000c1a4e00000)]
  0x000001d237e05000 JavaThread "ForkJoinPool.commonPool-worker-15" daemon [_thread_blocked, id=14060, stack(0x000000c1a4e00000,0x000000c1a4f00000)]
  0x000001d235690000 JavaThread "Daemon Thread 2" [_thread_blocked, id=5888, stack(0x000000c19a800000,0x000000c19a900000)]
  0x000001d235691000 JavaThread "Handler for socket connection from /127.0.0.1:63746 to /127.0.0.1:64050" [_thread_in_native, id=19376, stack(0x000000c19a900000,0x000000c19aa00000)]
  0x000001d23568f800 JavaThread "Cancel handler" [_thread_blocked, id=19088, stack(0x000000c19aa00000,0x000000c19ab00000)]
  0x000001d235692800 JavaThread "Daemon worker Thread 2" [_thread_blocked, id=16820, stack(0x000000c19c400000,0x000000c19c500000)]
  0x000001d23568e800 JavaThread "Asynchronous log dispatcher for DefaultDaemonConnection: socket connection from /127.0.0.1:63746 to /127.0.0.1:64050" [_thread_blocked, id=7264, stack(0x000000c19c500000,0x000000c19c600000)]
  0x000001d23568d000 JavaThread "Stdin handler" [_thread_blocked, id=3120, stack(0x000000c19c600000,0x000000c19c700000)]
  0x000001d235693800 JavaThread "Daemon client event forwarder" [_thread_blocked, id=19732, stack(0x000000c19c700000,0x000000c19c800000)]
  0x000001d23568d800 JavaThread "Cache worker for checksums cache (C:\flutter2\ntuaproject\android\.gradle\7.5\checksums)" [_thread_blocked, id=12440, stack(0x000000c19ca00000,0x000000c19cb00000)]
  0x000001d23569a000 JavaThread "Cache worker for cache directory md-rule (C:\Users\panpa\.gradle\caches\7.5\md-rule)" [_thread_blocked, id=17844, stack(0x000000c19d200000,0x000000c19d300000)]
  0x000001d235696800 JavaThread "Cache worker for file hash cache (C:\flutter2\ntuaproject\android\.gradle\7.5\fileHashes)" [_thread_blocked, id=10576, stack(0x000000c19d500000,0x000000c19d600000)]
  0x000001d235694000 JavaThread "Cache worker for cache directory md-supplier (C:\Users\panpa\.gradle\caches\7.5\md-supplier)" [_thread_blocked, id=8892, stack(0x000000c19d700000,0x000000c19d800000)]
  0x000001d235699000 JavaThread "Cache worker for dependencies-accessors (C:\flutter2\ntuaproject\android\.gradle\7.5\dependencies-accessors)" [_thread_blocked, id=5600, stack(0x000000c19d800000,0x000000c19d900000)]
  0x000001d23569b000 JavaThread "Cache worker for Build Output Cleanup Cache (C:\flutter\flutter\packages\flutter_tools\gradle\.gradle\buildOutputCleanup)" [_thread_blocked, id=19484, stack(0x000000c19d900000,0x000000c19da00000)]
  0x000001d23569b800 JavaThread "included builds" [_thread_blocked, id=12412, stack(0x000000c19de00000,0x000000c19df00000)]
  0x000001d237dfc800 JavaThread "Execution worker" [_thread_blocked, id=13648, stack(0x000000c19df00000,0x000000c19e000000)]
  0x000001d237e00000 JavaThread "Execution worker Thread 2" [_thread_blocked, id=9324, stack(0x000000c19e000000,0x000000c19e100000)]
  0x000001d237e01800 JavaThread "Execution worker Thread 3" [_thread_blocked, id=7484, stack(0x000000c19e400000,0x000000c19e500000)]
  0x000001d237e02800 JavaThread "Execution worker Thread 4" [_thread_blocked, id=15044, stack(0x000000c19e500000,0x000000c19e600000)]
  0x000001d237dff000 JavaThread "Execution worker Thread 5" [_thread_blocked, id=11560, stack(0x000000c19e600000,0x000000c19e700000)]
  0x000001d237e09800 JavaThread "Execution worker Thread 6" [_thread_blocked, id=16908, stack(0x000000c19e700000,0x000000c19e800000)]
  0x000001d237e07800 JavaThread "Execution worker Thread 7" [_thread_blocked, id=2924, stack(0x000000c19e800000,0x000000c19e900000)]
  0x000001d237e05800 JavaThread "Cache worker for execution history cache (C:\flutter\flutter\packages\flutter_tools\gradle\.gradle\7.5\executionHistory)" [_thread_blocked, id=18536, stack(0x000000c19e900000,0x000000c19ea00000)]
  0x000001d237e0a800 JavaThread "Unconstrained build operations" [_thread_blocked, id=17124, stack(0x000000c19ea00000,0x000000c19eb00000)]
  0x000001d237e08000 JavaThread "Unconstrained build operations Thread 2" [_thread_blocked, id=19120, stack(0x000000c19eb00000,0x000000c19ec00000)]
  0x000001d237e09000 JavaThread "Unconstrained build operations Thread 3" [_thread_blocked, id=14152, stack(0x000000c19ec00000,0x000000c19ed00000)]
  0x000001d237e0b800 JavaThread "Unconstrained build operations Thread 4" [_thread_blocked, id=12468, stack(0x000000c19ed00000,0x000000c19ee00000)]
  0x000001d237e06800 JavaThread "Unconstrained build operations Thread 5" [_thread_blocked, id=12464, stack(0x000000c19ee00000,0x000000c19ef00000)]
  0x000001d2344db800 JavaThread "Unconstrained build operations Thread 6" [_thread_blocked, id=19316, stack(0x000000c19ef00000,0x000000c19f000000)]
  0x000001d2344df800 JavaThread "Unconstrained build operations Thread 7" [_thread_blocked, id=2668, stack(0x000000c19f000000,0x000000c19f100000)]
  0x000001d2344de000 JavaThread "Unconstrained build operations Thread 8" [_thread_blocked, id=4956, stack(0x000000c19f100000,0x000000c19f200000)]
  0x000001d2344da800 JavaThread "Unconstrained build operations Thread 9" [_thread_blocked, id=13276, stack(0x000000c19f200000,0x000000c19f300000)]
  0x000001d2344e5800 JavaThread "Unconstrained build operations Thread 10" [_thread_blocked, id=16984, stack(0x000000c19f300000,0x000000c19f400000)]
  0x000001d2344e2000 JavaThread "Unconstrained build operations Thread 11" [_thread_blocked, id=18216, stack(0x000000c19f400000,0x000000c19f500000)]
  0x000001d2344e3000 JavaThread "Unconstrained build operations Thread 12" [_thread_blocked, id=18388, stack(0x000000c19f500000,0x000000c19f600000)]
  0x000001d2344e3800 JavaThread "Unconstrained build operations Thread 13" [_thread_blocked, id=18100, stack(0x000000c19f600000,0x000000c19f700000)]
  0x000001d2344e4800 JavaThread "Unconstrained build operations Thread 14" [_thread_blocked, id=14752, stack(0x000000c19f700000,0x000000c19f800000)]
  0x000001d233658000 JavaThread "Unconstrained build operations Thread 15" [_thread_blocked, id=20196, stack(0x000000c19f800000,0x000000c19f900000)]
  0x000001d23365e800 JavaThread "Unconstrained build operations Thread 16" [_thread_blocked, id=20064, stack(0x000000c19f900000,0x000000c19fa00000)]
  0x000001d23b174000 JavaThread "Unconstrained build operations Thread 17" [_thread_blocked, id=18284, stack(0x000000c19fa00000,0x000000c19fb00000)]
  0x000001d23b179800 JavaThread "Unconstrained build operations Thread 18" [_thread_blocked, id=12844, stack(0x000000c19fb00000,0x000000c19fc00000)]
  0x000001d23b17a800 JavaThread "Unconstrained build operations Thread 19" [_thread_blocked, id=4848, stack(0x000000c19fc00000,0x000000c19fd00000)]
  0x000001d23b178000 JavaThread "Unconstrained build operations Thread 20" [_thread_blocked, id=8380, stack(0x000000c19fd00000,0x000000c19fe00000)]
  0x000001d23b174800 JavaThread "Unconstrained build operations Thread 21" [_thread_blocked, id=18516, stack(0x000000c19fe00000,0x000000c19ff00000)]
  0x000001d23b17b000 JavaThread "Unconstrained build operations Thread 22" [_thread_blocked, id=13708, stack(0x000000c19ff00000,0x000000c1a0000000)]
  0x000001d23b175800 JavaThread "Unconstrained build operations Thread 23" [_thread_blocked, id=15712, stack(0x000000c1a0000000,0x000000c1a0100000)]
  0x000001d23b17c000 JavaThread "Unconstrained build operations Thread 24" [_thread_blocked, id=5376, stack(0x000000c1a0100000,0x000000c1a0200000)]
  0x000001d23b177000 JavaThread "Unconstrained build operations Thread 25" [_thread_blocked, id=12324, stack(0x000000c1a0200000,0x000000c1a0300000)]
  0x000001d23b176800 JavaThread "Unconstrained build operations Thread 26" [_thread_blocked, id=20328, stack(0x000000c1a0300000,0x000000c1a0400000)]
  0x000001d23b17e800 JavaThread "Unconstrained build operations Thread 27" [_thread_blocked, id=4984, stack(0x000000c1a0400000,0x000000c1a0500000)]
  0x000001d23b179000 JavaThread "Unconstrained build operations Thread 28" [_thread_blocked, id=20164, stack(0x000000c1a0500000,0x000000c1a0600000)]
  0x000001d23b180000 JavaThread "Unconstrained build operations Thread 29" [_thread_blocked, id=1508, stack(0x000000c1a0600000,0x000000c1a0700000)]
  0x000001d23b17f800 JavaThread "Unconstrained build operations Thread 30" [_thread_blocked, id=20436, stack(0x000000c1a0700000,0x000000c1a0800000)]
  0x000001d23b181000 JavaThread "Unconstrained build operations Thread 31" [_thread_blocked, id=17328, stack(0x000000c1a0800000,0x000000c1a0900000)]
  0x000001d23b182000 JavaThread "Unconstrained build operations Thread 32" [_thread_blocked, id=18960, stack(0x000000c1a0900000,0x000000c1a0a00000)]
  0x000001d23b17d800 JavaThread "Unconstrained build operations Thread 33" [_thread_blocked, id=19364, stack(0x000000c1a0a00000,0x000000c1a0b00000)]
  0x000001d23b182800 JavaThread "Unconstrained build operations Thread 34" [_thread_blocked, id=19924, stack(0x000000c1a0b00000,0x000000c1a0c00000)]
  0x000001d23b17d000 JavaThread "Unconstrained build operations Thread 35" [_thread_blocked, id=3508, stack(0x000000c1a0c00000,0x000000c1a0d00000)]
  0x000001d23d455000 JavaThread "Unconstrained build operations Thread 36" [_thread_blocked, id=3200, stack(0x000000c1a0d00000,0x000000c1a0e00000)]
  0x000001d23d45b800 JavaThread "Unconstrained build operations Thread 37" [_thread_blocked, id=8140, stack(0x000000c1a0e00000,0x000000c1a0f00000)]
  0x000001d23d458800 JavaThread "Unconstrained build operations Thread 38" [_thread_blocked, id=18268, stack(0x000000c1a0f00000,0x000000c1a1000000)]
  0x000001d23d456000 JavaThread "Unconstrained build operations Thread 39" [_thread_blocked, id=18844, stack(0x000000c1a1000000,0x000000c1a1100000)]
  0x000001d23d45c800 JavaThread "Unconstrained build operations Thread 40" [_thread_blocked, id=17808, stack(0x000000c1a1100000,0x000000c1a1200000)]
  0x000001d23d459000 JavaThread "Unconstrained build operations Thread 41" [_thread_blocked, id=11228, stack(0x000000c1a1200000,0x000000c1a1300000)]
  0x000001d23d457000 JavaThread "Unconstrained build operations Thread 42" [_thread_blocked, id=17624, stack(0x000000c1a1300000,0x000000c1a1400000)]
  0x000001d23d45b000 JavaThread "Unconstrained build operations Thread 43" [_thread_blocked, id=10076, stack(0x000000c1a1400000,0x000000c1a1500000)]
  0x000001d23d45a000 JavaThread "Unconstrained build operations Thread 44" [_thread_blocked, id=5632, stack(0x000000c1a1500000,0x000000c1a1600000)]
  0x000001d23d45d800 JavaThread "Unconstrained build operations Thread 45" [_thread_blocked, id=11784, stack(0x000000c1a1600000,0x000000c1a1700000)]
  0x000001d23d457800 JavaThread "Unconstrained build operations Thread 46" [_thread_blocked, id=19420, stack(0x000000c1a1700000,0x000000c1a1800000)]
  0x000001d23d460800 JavaThread "Unconstrained build operations Thread 47" [_thread_blocked, id=7104, stack(0x000000c1a1800000,0x000000c1a1900000)]
  0x000001d23d463000 JavaThread "Unconstrained build operations Thread 48" [_thread_blocked, id=17080, stack(0x000000c1a1900000,0x000000c1a1a00000)]
  0x000001d23d45e000 JavaThread "Unconstrained build operations Thread 49" [_thread_blocked, id=1356, stack(0x000000c1a1a00000,0x000000c1a1b00000)]
  0x000001d23d461800 JavaThread "Unconstrained build operations Thread 50" [_thread_blocked, id=13948, stack(0x000000c1a1b00000,0x000000c1a1c00000)]
  0x000001d23d45f000 JavaThread "Unconstrained build operations Thread 51" [_thread_blocked, id=11596, stack(0x000000c1a1c00000,0x000000c1a1d00000)]
  0x000001d23d460000 JavaThread "Unconstrained build operations Thread 52" [_thread_blocked, id=19856, stack(0x000000c1a1d00000,0x000000c1a1e00000)]
  0x000001d23d462000 JavaThread "Unconstrained build operations Thread 53" [_thread_blocked, id=20000, stack(0x000000c1a1e00000,0x000000c1a1f00000)]
  0x000001d23d464000 JavaThread "Unconstrained build operations Thread 54" [_thread_blocked, id=8620, stack(0x000000c1a1f00000,0x000000c1a2000000)]
  0x000001d23ecd4000 JavaThread "Unconstrained build operations Thread 55" [_thread_blocked, id=12980, stack(0x000000c1a2000000,0x000000c1a2100000)]
  0x000001d23ecd5000 JavaThread "Unconstrained build operations Thread 56" [_thread_blocked, id=19180, stack(0x000000c1a2100000,0x000000c1a2200000)]
  0x000001d23ecd6800 JavaThread "Unconstrained build operations Thread 57" [_thread_blocked, id=17244, stack(0x000000c1a2200000,0x000000c1a2300000)]
  0x000001d23ecd2800 JavaThread "Unconstrained build operations Thread 58" [_thread_blocked, id=17104, stack(0x000000c1a2300000,0x000000c1a2400000)]
  0x000001d23ecd3800 JavaThread "Unconstrained build operations Thread 59" [_thread_blocked, id=18916, stack(0x000000c1a2400000,0x000000c1a2500000)]
  0x000001d23ecd7800 JavaThread "Unconstrained build operations Thread 60" [_thread_blocked, id=19660, stack(0x000000c1a2500000,0x000000c1a2600000)]
  0x000001d23ecd6000 JavaThread "Unconstrained build operations Thread 61" [_thread_blocked, id=8936, stack(0x000000c1a2600000,0x000000c1a2700000)]
  0x000001d23ecd2000 JavaThread "Unconstrained build operations Thread 62" [_thread_blocked, id=5368, stack(0x000000c1a2700000,0x000000c1a2800000)]
  0x000001d23ecd8800 JavaThread "Unconstrained build operations Thread 63" [_thread_blocked, id=18704, stack(0x000000c1a2800000,0x000000c1a2900000)]
  0x000001d23ecde000 JavaThread "Unconstrained build operations Thread 64" [_thread_blocked, id=11460, stack(0x000000c1a2900000,0x000000c1a2a00000)]
  0x000001d23ecdf000 JavaThread "Unconstrained build operations Thread 65" [_thread_blocked, id=12032, stack(0x000000c1a2a00000,0x000000c1a2b00000)]
  0x000001d23ecd9000 JavaThread "Unconstrained build operations Thread 66" [_thread_blocked, id=4240, stack(0x000000c1a2b00000,0x000000c1a2c00000)]
  0x000001d23ecdf800 JavaThread "Unconstrained build operations Thread 67" [_thread_blocked, id=2912, stack(0x000000c1a2c00000,0x000000c1a2d00000)]
  0x000001d23ecda000 JavaThread "Unconstrained build operations Thread 68" [_thread_blocked, id=12236, stack(0x000000c1a2d00000,0x000000c1a2e00000)]
  0x000001d23ecdd000 JavaThread "Unconstrained build operations Thread 69" [_thread_blocked, id=18744, stack(0x000000c1a2e00000,0x000000c1a2f00000)]
  0x000001d23ece0800 JavaThread "Unconstrained build operations Thread 70" [_thread_blocked, id=18696, stack(0x000000c1a2f00000,0x000000c1a3000000)]
  0x000001d23ecdb000 JavaThread "Unconstrained build operations Thread 71" [_thread_blocked, id=7516, stack(0x000000c1a3000000,0x000000c1a3100000)]
  0x000001d23ecdb800 JavaThread "Unconstrained build operations Thread 72" [_thread_blocked, id=8692, stack(0x000000c1a3100000,0x000000c1a3200000)]
  0x000001d23ecdc800 JavaThread "Unconstrained build operations Thread 73" [_thread_blocked, id=6008, stack(0x000000c1a3200000,0x000000c1a3300000)]
  0x000001d23386d800 JavaThread "Unconstrained build operations Thread 74" [_thread_blocked, id=19800, stack(0x000000c1a3300000,0x000000c1a3400000)]
  0x000001d233872000 JavaThread "Unconstrained build operations Thread 75" [_thread_blocked, id=780, stack(0x000000c1a3400000,0x000000c1a3500000)]
  0x000001d233870800 JavaThread "Unconstrained build operations Thread 76" [_thread_blocked, id=6180, stack(0x000000c1a3500000,0x000000c1a3600000)]
  0x000001d23386f000 JavaThread "Unconstrained build operations Thread 77" [_thread_blocked, id=5388, stack(0x000000c1a3600000,0x000000c1a3700000)]
  0x000001d233873000 JavaThread "Unconstrained build operations Thread 78" [_thread_blocked, id=6696, stack(0x000000c1a3700000,0x000000c1a3800000)]
  0x000001d233874000 JavaThread "Unconstrained build operations Thread 79" [_thread_blocked, id=1316, stack(0x000000c1a3800000,0x000000c1a3900000)]
  0x000001d23386e000 JavaThread "Unconstrained build operations Thread 80" [_thread_blocked, id=3440, stack(0x000000c1a3900000,0x000000c1a3a00000)]
  0x000001d233874800 JavaThread "Cache worker for Build Output Cleanup Cache (C:\flutter2\ntuaproject\android\.gradle\buildOutputCleanup)" [_thread_blocked, id=11848, stack(0x000000c1a3a00000,0x000000c1a3b00000)]
  0x000001d233871800 JavaThread "Cache worker for execution history cache (C:\flutter2\ntuaproject\android\.gradle\7.5\executionHistory)" [_thread_blocked, id=20108, stack(0x000000c1a3b00000,0x000000c1a3c00000)]
  0x000001d233875800 JavaThread "Exec process Thread 4" [_thread_in_native, id=4948, stack(0x000000c1a4000000,0x000000c1a4100000)]
  0x000001d23386f800 JavaThread "Exec process Thread 5" [_thread_in_native, id=20400, stack(0x000000c1a4100000,0x000000c1a4200000)]
  0x000001d233876800 JavaThread "Exec process Thread 6" [_thread_in_native, id=244, stack(0x000000c1a4200000,0x000000c1a4300000)]
  0x000001d234ca3000 JavaThread "C2 CompilerThread1" daemon [_thread_in_native, id=268, stack(0x000000c19c800000,0x000000c19c900000)]

Other Threads:
  0x000001d2319be000 VMThread "VM Thread" [stack: 0x000000c19b100000,0x000000c19b200000] [id=15416]
  0x000001d2323ea800 WatcherThread [stack: 0x000000c19bb00000,0x000000c19bc00000] [id=20304]
  0x000001d21750e000 GCTaskThread "GC Thread#0" [stack: 0x000000c19ac00000,0x000000c19ad00000] [id=19596]
  0x000001d23345f000 GCTaskThread "GC Thread#1" [stack: 0x000000c19be00000,0x000000c19bf00000] [id=2348]
  0x000001d23329c800 GCTaskThread "GC Thread#2" [stack: 0x000000c19bf00000,0x000000c19c000000] [id=13112]
  0x000001d2331ad800 GCTaskThread "GC Thread#3" [stack: 0x000000c19c000000,0x000000c19c100000] [id=8808]
  0x000001d233646800 GCTaskThread "GC Thread#4" [stack: 0x000000c19c100000,0x000000c19c200000] [id=12724]
  0x000001d233609000 GCTaskThread "GC Thread#5" [stack: 0x000000c19c200000,0x000000c19c300000] [id=18616]
  0x000001d23348a000 GCTaskThread "GC Thread#6" [stack: 0x000000c19ce00000,0x000000c19cf00000] [id=19428]
  0x000001d234816800 GCTaskThread "GC Thread#7" [stack: 0x000000c19cf00000,0x000000c19d000000] [id=656]
  0x000001d21753e800 ConcurrentGCThread "G1 Main Marker" [stack: 0x000000c19ad00000,0x000000c19ae00000] [id=19352]
  0x000001d21753f800 ConcurrentGCThread "G1 Conc#0" [stack: 0x000000c19ae00000,0x000000c19af00000] [id=19240]
  0x000001d23313d000 ConcurrentGCThread "G1 Conc#1" [stack: 0x000000c19d100000,0x000000c19d200000] [id=17360]
  0x000001d2175ce000 ConcurrentGCThread "G1 Refine#0" [stack: 0x000000c19af00000,0x000000c19b000000] [id=8608]
  0x000001d234825000 ConcurrentGCThread "G1 Refine#1" [stack: 0x000000c19d000000,0x000000c19d100000] [id=15252]
  0x000001d23183e800 ConcurrentGCThread "G1 Young RemSet Sampling" [stack: 0x000000c19b000000,0x000000c19b100000] [id=19780]

Threads with active compile tasks:
C2 CompilerThread0 170643 17137       4       org.gradle.internal.logging.sink.OutputEventTransformer::onOutput (399 bytes)
C1 CompilerThread0 170643 17176       3       org.gradle.internal.io.LineBufferingOutputStream::flush (31 bytes)
C2 CompilerThread1 170643 17164       4       org.gradle.internal.logging.text.AbstractLineChoppingStyledTextOutput$2::execute (77 bytes)

VM state:not at safepoint (normal execution)

VM Mutex/Monitor currently owned by a thread: None

Heap address: 0x0000000080000000, size: 2048 MB, Compressed Oops mode: 32-bit
Narrow klass base: 0x0000000000000000, Narrow klass shift: 3
Compressed class space size: 1073741824 Address: 0x0000000100000000

Heap:
 garbage-first heap   total 286720K, used 182436K [0x0000000080000000, 0x0000000100000000)
  region size 1024K, 37 young (37888K), 10 survivors (10240K)
 Metaspace       used 109851K, capacity 114045K, committed 114260K, reserved 1148928K
  class space    used 14200K, capacity 15633K, committed 15692K, reserved 1048576K
Heap Regions: E=young(eden), S=young(survivor), O=old, HS=humongous(starts), HC=humongous(continues), CS=collection set, F=free, A=archive, TAMS=top-at-mark-start (previous, next)
|   0|0x0000000080000000, 0x0000000080100000, 0x0000000080100000|100%| O|  |TAMS 0x0000000080100000, 0x0000000080000000| Untracked 
|   1|0x0000000080100000, 0x0000000080200000, 0x0000000080200000|100%| O|  |TAMS 0x0000000080200000, 0x0000000080100000| Untracked 
|   2|0x0000000080200000, 0x0000000080300000, 0x0000000080300000|100%| O|  |TAMS 0x0000000080300000, 0x0000000080200000| Untracked 
|   3|0x0000000080300000, 0x0000000080400000, 0x0000000080400000|100%|HS|  |TAMS 0x0000000080400000, 0x0000000080300000| Complete 
|   4|0x0000000080400000, 0x0000000080500000, 0x0000000080500000|100%|HC|  |TAMS 0x0000000080500000, 0x0000000080400000| Complete 
|   5|0x0000000080500000, 0x0000000080600000, 0x0000000080600000|100%|HC|  |TAMS 0x0000000080600000, 0x0000000080500000| Complete 
|   6|0x0000000080600000, 0x0000000080700000, 0x0000000080700000|100%| O|  |TAMS 0x0000000080700000, 0x0000000080600000| Untracked 
|   7|0x0000000080700000, 0x0000000080800000, 0x0000000080800000|100%| O|  |TAMS 0x0000000080800000, 0x0000000080700000| Untracked 
|   8|0x0000000080800000, 0x0000000080900000, 0x0000000080900000|100%| O|  |TAMS 0x0000000080900000, 0x0000000080800000| Untracked 
|   9|0x0000000080900000, 0x0000000080a00000, 0x0000000080a00000|100%| O|  |TAMS 0x0000000080a00000, 0x0000000080900000| Untracked 
|  10|0x0000000080a00000, 0x0000000080b00000, 0x0000000080b00000|100%| O|  |TAMS 0x0000000080b00000, 0x0000000080a00000| Untracked 
|  11|0x0000000080b00000, 0x0000000080c00000, 0x0000000080c00000|100%| O|  |TAMS 0x0000000080c00000, 0x0000000080b00000| Untracked 
|  12|0x0000000080c00000, 0x0000000080d00000, 0x0000000080d00000|100%| O|  |TAMS 0x0000000080d00000, 0x0000000080c00000| Untracked 
|  13|0x0000000080d00000, 0x0000000080e00000, 0x0000000080e00000|100%| O|  |TAMS 0x0000000080e00000, 0x0000000080d00000| Untracked 
|  14|0x0000000080e00000, 0x0000000080f00000, 0x0000000080f00000|100%| O|  |TAMS 0x0000000080f00000, 0x0000000080e00000| Untracked 
|  15|0x0000000080f00000, 0x0000000081000000, 0x0000000081000000|100%| O|  |TAMS 0x0000000081000000, 0x0000000080f00000| Untracked 
|  16|0x0000000081000000, 0x0000000081100000, 0x0000000081100000|100%| O|  |TAMS 0x0000000081100000, 0x0000000081000000| Untracked 
|  17|0x0000000081100000, 0x0000000081200000, 0x0000000081200000|100%| O|  |TAMS 0x0000000081200000, 0x0000000081100000| Untracked 
|  18|0x0000000081200000, 0x0000000081300000, 0x0000000081300000|100%| O|  |TAMS 0x0000000081300000, 0x0000000081200000| Untracked 
|  19|0x0000000081300000, 0x0000000081400000, 0x0000000081400000|100%| O|  |TAMS 0x0000000081400000, 0x0000000081300000| Untracked 
|  20|0x0000000081400000, 0x0000000081500000, 0x0000000081500000|100%| O|  |TAMS 0x0000000081500000, 0x0000000081400000| Untracked 
|  21|0x0000000081500000, 0x0000000081600000, 0x0000000081600000|100%| O|  |TAMS 0x0000000081600000, 0x0000000081500000| Untracked 
|  22|0x0000000081600000, 0x0000000081700000, 0x0000000081700000|100%| O|  |TAMS 0x0000000081700000, 0x0000000081600000| Untracked 
|  23|0x0000000081700000, 0x0000000081800000, 0x0000000081800000|100%| O|  |TAMS 0x0000000081800000, 0x0000000081700000| Untracked 
|  24|0x0000000081800000, 0x0000000081900000, 0x0000000081900000|100%| O|  |TAMS 0x0000000081900000, 0x0000000081800000| Untracked 
|  25|0x0000000081900000, 0x0000000081a00000, 0x0000000081a00000|100%| O|  |TAMS 0x0000000081a00000, 0x0000000081900000| Untracked 
|  26|0x0000000081a00000, 0x0000000081b00000, 0x0000000081b00000|100%| O|  |TAMS 0x0000000081b00000, 0x0000000081a00000| Untracked 
|  27|0x0000000081b00000, 0x0000000081c00000, 0x0000000081c00000|100%| O|  |TAMS 0x0000000081c00000, 0x0000000081b00000| Untracked 
|  28|0x0000000081c00000, 0x0000000081d00000, 0x0000000081d00000|100%|HS|  |TAMS 0x0000000081d00000, 0x0000000081c00000| Complete 
|  29|0x0000000081d00000, 0x0000000081e00000, 0x0000000081e00000|100%|HS|  |TAMS 0x0000000081e00000, 0x0000000081d00000| Complete 
|  30|0x0000000081e00000, 0x0000000081f00000, 0x0000000081f00000|100%| O|  |TAMS 0x0000000081f00000, 0x0000000081e00000| Untracked 
|  31|0x0000000081f00000, 0x0000000082000000, 0x0000000082000000|100%|HS|  |TAMS 0x0000000082000000, 0x0000000081f00000| Complete 
|  32|0x0000000082000000, 0x0000000082100000, 0x0000000082100000|100%|HC|  |TAMS 0x0000000082100000, 0x0000000082000000| Complete 
|  33|0x0000000082100000, 0x0000000082200000, 0x0000000082200000|100%|HS|  |TAMS 0x0000000082200000, 0x0000000082100000| Complete 
|  34|0x0000000082200000, 0x0000000082300000, 0x0000000082300000|100%|HS|  |TAMS 0x0000000082300000, 0x0000000082200000| Complete 
|  35|0x0000000082300000, 0x0000000082400000, 0x0000000082400000|100%|HC|  |TAMS 0x0000000082400000, 0x0000000082300000| Complete 
|  36|0x0000000082400000, 0x0000000082500000, 0x0000000082500000|100%|HC|  |TAMS 0x0000000082500000, 0x0000000082400000| Complete 
|  37|0x0000000082500000, 0x0000000082600000, 0x0000000082600000|100%| O|  |TAMS 0x0000000082600000, 0x0000000082500000| Untracked 
|  38|0x0000000082600000, 0x0000000082700000, 0x0000000082700000|100%| O|  |TAMS 0x0000000082700000, 0x0000000082600000| Untracked 
|  39|0x0000000082700000, 0x0000000082800000, 0x0000000082800000|100%| O|  |TAMS 0x0000000082800000, 0x0000000082700000| Untracked 
|  40|0x0000000082800000, 0x0000000082900000, 0x0000000082900000|100%| O|  |TAMS 0x0000000082900000, 0x0000000082800000| Untracked 
|  41|0x0000000082900000, 0x0000000082a00000, 0x0000000082a00000|100%| O|  |TAMS 0x0000000082a00000, 0x0000000082900000| Untracked 
|  42|0x0000000082a00000, 0x0000000082b00000, 0x0000000082b00000|100%| O|  |TAMS 0x0000000082b00000, 0x0000000082a00000| Untracked 
|  43|0x0000000082b00000, 0x0000000082c00000, 0x0000000082c00000|100%| O|  |TAMS 0x0000000082c00000, 0x0000000082b00000| Untracked 
|  44|0x0000000082c00000, 0x0000000082d00000, 0x0000000082d00000|100%| O|  |TAMS 0x0000000082d00000, 0x0000000082c00000| Untracked 
|  45|0x0000000082d00000, 0x0000000082e00000, 0x0000000082e00000|100%| O|  |TAMS 0x0000000082e00000, 0x0000000082d00000| Untracked 
|  46|0x0000000082e00000, 0x0000000082f00000, 0x0000000082f00000|100%| O|  |TAMS 0x0000000082f00000, 0x0000000082e00000| Untracked 
|  47|0x0000000082f00000, 0x0000000083000000, 0x0000000083000000|100%| O|  |TAMS 0x0000000083000000, 0x0000000082f00000| Untracked 
|  48|0x0000000083000000, 0x0000000083100000, 0x0000000083100000|100%| O|  |TAMS 0x0000000083100000, 0x0000000083000000| Untracked 
|  49|0x0000000083100000, 0x0000000083200000, 0x0000000083200000|100%| O|  |TAMS 0x0000000083200000, 0x0000000083100000| Untracked 
|  50|0x0000000083200000, 0x0000000083300000, 0x0000000083300000|100%| O|  |TAMS 0x0000000083300000, 0x0000000083200000| Untracked 
|  51|0x0000000083300000, 0x0000000083400000, 0x0000000083400000|100%| O|  |TAMS 0x0000000083400000, 0x0000000083300000| Untracked 
|  52|0x0000000083400000, 0x0000000083500000, 0x0000000083500000|100%| O|  |TAMS 0x0000000083500000, 0x0000000083400000| Untracked 
|  53|0x0000000083500000, 0x0000000083600000, 0x0000000083600000|100%| O|  |TAMS 0x0000000083600000, 0x0000000083500000| Untracked 
|  54|0x0000000083600000, 0x0000000083700000, 0x0000000083700000|100%| O|  |TAMS 0x0000000083700000, 0x0000000083600000| Untracked 
|  55|0x0000000083700000, 0x0000000083800000, 0x0000000083800000|100%| O|  |TAMS 0x0000000083800000, 0x0000000083700000| Untracked 
|  56|0x0000000083800000, 0x0000000083900000, 0x0000000083900000|100%| O|  |TAMS 0x0000000083900000, 0x0000000083800000| Untracked 
|  57|0x0000000083900000, 0x0000000083a00000, 0x0000000083a00000|100%| O|  |TAMS 0x0000000083a00000, 0x0000000083900000| Untracked 
|  58|0x0000000083a00000, 0x0000000083b00000, 0x0000000083b00000|100%| O|  |TAMS 0x0000000083b00000, 0x0000000083a00000| Untracked 
|  59|0x0000000083b00000, 0x0000000083c00000, 0x0000000083c00000|100%| O|  |TAMS 0x0000000083c00000, 0x0000000083b00000| Untracked 
|  60|0x0000000083c00000, 0x0000000083d00000, 0x0000000083d00000|100%| O|  |TAMS 0x0000000083d00000, 0x0000000083c00000| Untracked 
|  61|0x0000000083d00000, 0x0000000083e00000, 0x0000000083e00000|100%| O|  |TAMS 0x0000000083e00000, 0x0000000083d00000| Untracked 
|  62|0x0000000083e00000, 0x0000000083f00000, 0x0000000083f00000|100%| O|  |TAMS 0x0000000083f00000, 0x0000000083e00000| Untracked 
|  63|0x0000000083f00000, 0x0000000084000000, 0x0000000084000000|100%|HS|  |TAMS 0x0000000084000000, 0x0000000083f00000| Complete 
|  64|0x0000000084000000, 0x0000000084100000, 0x0000000084100000|100%|HS|  |TAMS 0x0000000084100000, 0x0000000084000000| Complete 
|  65|0x0000000084100000, 0x0000000084200000, 0x0000000084200000|100%|HS|  |TAMS 0x0000000084200000, 0x0000000084100000| Complete 
|  66|0x0000000084200000, 0x0000000084300000, 0x0000000084300000|100%| O|  |TAMS 0x0000000084300000, 0x0000000084200000| Untracked 
|  67|0x0000000084300000, 0x0000000084400000, 0x0000000084400000|100%| O|  |TAMS 0x0000000084400000, 0x0000000084300000| Untracked 
|  68|0x0000000084400000, 0x0000000084500000, 0x0000000084500000|100%| O|  |TAMS 0x0000000084500000, 0x0000000084400000| Untracked 
|  69|0x0000000084500000, 0x0000000084600000, 0x0000000084600000|100%| O|  |TAMS 0x0000000084600000, 0x0000000084500000| Untracked 
|  70|0x0000000084600000, 0x0000000084700000, 0x0000000084700000|100%| O|  |TAMS 0x0000000084700000, 0x0000000084600000| Untracked 
|  71|0x0000000084700000, 0x0000000084800000, 0x0000000084800000|100%| O|  |TAMS 0x0000000084800000, 0x0000000084700000| Untracked 
|  72|0x0000000084800000, 0x0000000084900000, 0x0000000084900000|100%| O|  |TAMS 0x0000000084900000, 0x0000000084800000| Untracked 
|  73|0x0000000084900000, 0x0000000084a00000, 0x0000000084a00000|100%| O|  |TAMS 0x0000000084a00000, 0x0000000084900000| Untracked 
|  74|0x0000000084a00000, 0x0000000084b00000, 0x0000000084b00000|100%| O|  |TAMS 0x0000000084b00000, 0x0000000084a00000| Untracked 
|  75|0x0000000084b00000, 0x0000000084c00000, 0x0000000084c00000|100%| O|  |TAMS 0x0000000084c00000, 0x0000000084b00000| Untracked 
|  76|0x0000000084c00000, 0x0000000084d00000, 0x0000000084d00000|100%| O|  |TAMS 0x0000000084d00000, 0x0000000084c00000| Untracked 
|  77|0x0000000084d00000, 0x0000000084e00000, 0x0000000084e00000|100%| O|  |TAMS 0x0000000084e00000, 0x0000000084d00000| Untracked 
|  78|0x0000000084e00000, 0x0000000084f00000, 0x0000000084f00000|100%| O|  |TAMS 0x0000000084f00000, 0x0000000084e00000| Untracked 
|  79|0x0000000084f00000, 0x0000000085000000, 0x0000000085000000|100%| O|  |TAMS 0x0000000085000000, 0x0000000084f00000| Untracked 
|  80|0x0000000085000000, 0x0000000085100000, 0x0000000085100000|100%| O|  |TAMS 0x0000000085100000, 0x0000000085000000| Untracked 
|  81|0x0000000085100000, 0x0000000085200000, 0x0000000085200000|100%| O|  |TAMS 0x0000000085200000, 0x0000000085100000| Untracked 
|  82|0x0000000085200000, 0x0000000085300000, 0x0000000085300000|100%| O|  |TAMS 0x0000000085300000, 0x0000000085200000| Untracked 
|  83|0x0000000085300000, 0x0000000085400000, 0x0000000085400000|100%| O|  |TAMS 0x0000000085400000, 0x0000000085300000| Untracked 
|  84|0x0000000085400000, 0x0000000085500000, 0x0000000085500000|100%| O|  |TAMS 0x0000000085500000, 0x0000000085400000| Untracked 
|  85|0x0000000085500000, 0x0000000085600000, 0x0000000085600000|100%| O|  |TAMS 0x0000000085600000, 0x0000000085500000| Untracked 
|  86|0x0000000085600000, 0x0000000085700000, 0x0000000085700000|100%| O|  |TAMS 0x0000000085700000, 0x0000000085600000| Untracked 
|  87|0x0000000085700000, 0x0000000085800000, 0x0000000085800000|100%| O|  |TAMS 0x0000000085800000, 0x0000000085700000| Untracked 
|  88|0x0000000085800000, 0x0000000085900000, 0x0000000085900000|100%| O|  |TAMS 0x0000000085900000, 0x0000000085800000| Untracked 
|  89|0x0000000085900000, 0x0000000085a00000, 0x0000000085a00000|100%| O|  |TAMS 0x0000000085a00000, 0x0000000085900000| Untracked 
|  90|0x0000000085a00000, 0x0000000085b00000, 0x0000000085b00000|100%| O|  |TAMS 0x0000000085b00000, 0x0000000085a00000| Untracked 
|  91|0x0000000085b00000, 0x0000000085c00000, 0x0000000085c00000|100%| O|  |TAMS 0x0000000085c00000, 0x0000000085b00000| Untracked 
|  92|0x0000000085c00000, 0x0000000085d00000, 0x0000000085d00000|100%| O|  |TAMS 0x0000000085d00000, 0x0000000085c00000| Untracked 
|  93|0x0000000085d00000, 0x0000000085e00000, 0x0000000085e00000|100%| O|  |TAMS 0x0000000085e00000, 0x0000000085d00000| Untracked 
|  94|0x0000000085e00000, 0x0000000085f00000, 0x0000000085f00000|100%| O|  |TAMS 0x0000000085f00000, 0x0000000085e00000| Untracked 
|  95|0x0000000085f00000, 0x0000000086000000, 0x0000000086000000|100%| O|  |TAMS 0x0000000086000000, 0x0000000085f00000| Untracked 
|  96|0x0000000086000000, 0x0000000086100000, 0x0000000086100000|100%| O|  |TAMS 0x0000000086100000, 0x0000000086000000| Untracked 
|  97|0x0000000086100000, 0x0000000086200000, 0x0000000086200000|100%| O|  |TAMS 0x0000000086200000, 0x0000000086100000| Untracked 
|  98|0x0000000086200000, 0x0000000086300000, 0x0000000086300000|100%| O|  |TAMS 0x0000000086300000, 0x0000000086200000| Untracked 
|  99|0x0000000086300000, 0x0000000086400000, 0x0000000086400000|100%| O|  |TAMS 0x0000000086400000, 0x0000000086300000| Untracked 
| 100|0x0000000086400000, 0x0000000086500000, 0x0000000086500000|100%| O|  |TAMS 0x0000000086500000, 0x0000000086400000| Untracked 
| 101|0x0000000086500000, 0x0000000086600000, 0x0000000086600000|100%| O|  |TAMS 0x0000000086600000, 0x0000000086500000| Untracked 
| 102|0x0000000086600000, 0x0000000086700000, 0x0000000086700000|100%| O|  |TAMS 0x0000000086700000, 0x0000000086600000| Untracked 
| 103|0x0000000086700000, 0x0000000086800000, 0x0000000086800000|100%| O|  |TAMS 0x0000000086800000, 0x0000000086700000| Untracked 
| 104|0x0000000086800000, 0x0000000086900000, 0x0000000086900000|100%| O|  |TAMS 0x0000000086900000, 0x0000000086800000| Untracked 
| 105|0x0000000086900000, 0x0000000086a00000, 0x0000000086a00000|100%| O|  |TAMS 0x0000000086a00000, 0x0000000086900000| Untracked 
| 106|0x0000000086a00000, 0x0000000086b00000, 0x0000000086b00000|100%| O|  |TAMS 0x0000000086b00000, 0x0000000086a00000| Untracked 
| 107|0x0000000086b00000, 0x0000000086c00000, 0x0000000086c00000|100%| O|  |TAMS 0x0000000086c00000, 0x0000000086b00000| Untracked 
| 108|0x0000000086c00000, 0x0000000086d00000, 0x0000000086d00000|100%| O|  |TAMS 0x0000000086d00000, 0x0000000086c00000| Untracked 
| 109|0x0000000086d00000, 0x0000000086e00000, 0x0000000086e00000|100%| O|  |TAMS 0x0000000086e00000, 0x0000000086d00000| Untracked 
| 110|0x0000000086e00000, 0x0000000086f00000, 0x0000000086f00000|100%| O|  |TAMS 0x0000000086f00000, 0x0000000086e00000| Untracked 
| 111|0x0000000086f00000, 0x0000000087000000, 0x0000000087000000|100%| O|  |TAMS 0x0000000087000000, 0x0000000086f00000| Untracked 
| 112|0x0000000087000000, 0x0000000087100000, 0x0000000087100000|100%| O|  |TAMS 0x0000000087100000, 0x0000000087000000| Untracked 
| 113|0x0000000087100000, 0x0000000087200000, 0x0000000087200000|100%| O|  |TAMS 0x0000000087200000, 0x0000000087100000| Untracked 
| 114|0x0000000087200000, 0x0000000087300000, 0x0000000087300000|100%| O|  |TAMS 0x0000000087300000, 0x0000000087200000| Untracked 
| 115|0x0000000087300000, 0x0000000087400000, 0x0000000087400000|100%| O|  |TAMS 0x0000000087400000, 0x0000000087300000| Untracked 
| 116|0x0000000087400000, 0x0000000087500000, 0x0000000087500000|100%| O|  |TAMS 0x0000000087500000, 0x0000000087400000| Untracked 
| 117|0x0000000087500000, 0x0000000087600000, 0x0000000087600000|100%| O|  |TAMS 0x0000000087600000, 0x0000000087500000| Untracked 
| 118|0x0000000087600000, 0x0000000087700000, 0x0000000087700000|100%| O|  |TAMS 0x0000000087700000, 0x0000000087600000| Untracked 
| 119|0x0000000087700000, 0x0000000087800000, 0x0000000087800000|100%| O|  |TAMS 0x0000000087800000, 0x0000000087700000| Untracked 
| 120|0x0000000087800000, 0x0000000087900000, 0x0000000087900000|100%| O|  |TAMS 0x0000000087900000, 0x0000000087800000| Untracked 
| 121|0x0000000087900000, 0x0000000087a00000, 0x0000000087a00000|100%| O|  |TAMS 0x0000000087a00000, 0x0000000087900000| Untracked 
| 122|0x0000000087a00000, 0x0000000087b00000, 0x0000000087b00000|100%| O|  |TAMS 0x0000000087b00000, 0x0000000087a00000| Untracked 
| 123|0x0000000087b00000, 0x0000000087c00000, 0x0000000087c00000|100%| O|  |TAMS 0x0000000087c00000, 0x0000000087b00000| Untracked 
| 124|0x0000000087c00000, 0x0000000087d00000, 0x0000000087d00000|100%| O|  |TAMS 0x0000000087d00000, 0x0000000087c00000| Untracked 
| 125|0x0000000087d00000, 0x0000000087e00000, 0x0000000087e00000|100%| O|  |TAMS 0x0000000087e00000, 0x0000000087d00000| Untracked 
| 126|0x0000000087e00000, 0x0000000087f00000, 0x0000000087f00000|100%| O|  |TAMS 0x0000000087f00000, 0x0000000087e00000| Untracked 
| 127|0x0000000087f00000, 0x0000000088000000, 0x0000000088000000|100%| O|  |TAMS 0x0000000088000000, 0x0000000087f00000| Untracked 
| 128|0x0000000088000000, 0x0000000088100000, 0x0000000088100000|100%| O|  |TAMS 0x0000000088100000, 0x0000000088000000| Untracked 
| 129|0x0000000088100000, 0x0000000088200000, 0x0000000088200000|100%| O|  |TAMS 0x0000000088100000, 0x0000000088100000| Untracked 
| 130|0x0000000088200000, 0x0000000088300000, 0x0000000088300000|100%| O|  |TAMS 0x0000000088200000, 0x0000000088200000| Untracked 
| 131|0x0000000088300000, 0x0000000088400000, 0x0000000088400000|100%| O|  |TAMS 0x0000000088300000, 0x0000000088300000| Untracked 
| 132|0x0000000088400000, 0x0000000088500000, 0x0000000088500000|100%| O|  |TAMS 0x0000000088400000, 0x0000000088400000| Untracked 
| 133|0x0000000088500000, 0x0000000088600000, 0x0000000088600000|100%| O|  |TAMS 0x0000000088500000, 0x0000000088500000| Untracked 
| 134|0x0000000088600000, 0x0000000088700000, 0x0000000088700000|100%| O|  |TAMS 0x0000000088600000, 0x0000000088600000| Untracked 
| 135|0x0000000088700000, 0x0000000088800000, 0x0000000088800000|100%| O|  |TAMS 0x0000000088700000, 0x0000000088700000| Untracked 
| 136|0x0000000088800000, 0x0000000088900000, 0x0000000088900000|100%| O|  |TAMS 0x0000000088800000, 0x0000000088800000| Untracked 
| 137|0x0000000088900000, 0x0000000088a00000, 0x0000000088a00000|100%| O|  |TAMS 0x0000000088900000, 0x0000000088900000| Untracked 
| 138|0x0000000088a00000, 0x0000000088a29200, 0x0000000088b00000| 16%| O|  |TAMS 0x0000000088a00000, 0x0000000088a00000| Untracked 
| 139|0x0000000088b00000, 0x0000000088b00000, 0x0000000088c00000|  0%| F|  |TAMS 0x0000000088b00000, 0x0000000088b00000| Untracked 
| 140|0x0000000088c00000, 0x0000000088c00000, 0x0000000088d00000|  0%| F|  |TAMS 0x0000000088c00000, 0x0000000088c00000| Untracked 
| 141|0x0000000088d00000, 0x0000000088d00000, 0x0000000088e00000|  0%| F|  |TAMS 0x0000000088d00000, 0x0000000088d00000| Untracked 
| 142|0x0000000088e00000, 0x0000000088e00000, 0x0000000088f00000|  0%| F|  |TAMS 0x0000000088e00000, 0x0000000088e00000| Untracked 
| 143|0x0000000088f00000, 0x0000000088f00000, 0x0000000089000000|  0%| F|  |TAMS 0x0000000088f00000, 0x0000000088f00000| Untracked 
| 144|0x0000000089000000, 0x0000000089000000, 0x0000000089100000|  0%| F|  |TAMS 0x0000000089000000, 0x0000000089000000| Untracked 
| 145|0x0000000089100000, 0x0000000089100000, 0x0000000089200000|  0%| F|  |TAMS 0x0000000089100000, 0x0000000089100000| Untracked 
| 146|0x0000000089200000, 0x0000000089200000, 0x0000000089300000|  0%| F|  |TAMS 0x0000000089200000, 0x0000000089200000| Untracked 
| 147|0x0000000089300000, 0x0000000089300000, 0x0000000089400000|  0%| F|  |TAMS 0x0000000089300000, 0x0000000089300000| Untracked 
| 148|0x0000000089400000, 0x0000000089400000, 0x0000000089500000|  0%| F|  |TAMS 0x0000000089400000, 0x0000000089400000| Untracked 
| 149|0x0000000089500000, 0x0000000089500000, 0x0000000089600000|  0%| F|  |TAMS 0x0000000089500000, 0x0000000089500000| Untracked 
| 150|0x0000000089600000, 0x0000000089600000, 0x0000000089700000|  0%| F|  |TAMS 0x0000000089600000, 0x0000000089600000| Untracked 
| 151|0x0000000089700000, 0x0000000089700000, 0x0000000089800000|  0%| F|  |TAMS 0x0000000089700000, 0x0000000089700000| Untracked 
| 152|0x0000000089800000, 0x0000000089800000, 0x0000000089900000|  0%| F|  |TAMS 0x0000000089800000, 0x0000000089800000| Untracked 
| 153|0x0000000089900000, 0x0000000089900000, 0x0000000089a00000|  0%| F|  |TAMS 0x0000000089900000, 0x0000000089900000| Untracked 
| 154|0x0000000089a00000, 0x0000000089a00000, 0x0000000089b00000|  0%| F|  |TAMS 0x0000000089a00000, 0x0000000089a00000| Untracked 
| 155|0x0000000089b00000, 0x0000000089b00000, 0x0000000089c00000|  0%| F|  |TAMS 0x0000000089b00000, 0x0000000089b00000| Untracked 
| 156|0x0000000089c00000, 0x0000000089c00000, 0x0000000089d00000|  0%| F|  |TAMS 0x0000000089c00000, 0x0000000089c00000| Untracked 
| 157|0x0000000089d00000, 0x0000000089d00000, 0x0000000089e00000|  0%| F|  |TAMS 0x0000000089d00000, 0x0000000089d00000| Untracked 
| 158|0x0000000089e00000, 0x0000000089e00000, 0x0000000089f00000|  0%| F|  |TAMS 0x0000000089e00000, 0x0000000089e00000| Untracked 
| 159|0x0000000089f00000, 0x0000000089f00000, 0x000000008a000000|  0%| F|  |TAMS 0x0000000089f00000, 0x0000000089f00000| Untracked 
| 160|0x000000008a000000, 0x000000008a000000, 0x000000008a100000|  0%| F|  |TAMS 0x000000008a000000, 0x000000008a000000| Untracked 
| 161|0x000000008a100000, 0x000000008a100000, 0x000000008a200000|  0%| F|  |TAMS 0x000000008a100000, 0x000000008a100000| Untracked 
| 162|0x000000008a200000, 0x000000008a200000, 0x000000008a300000|  0%| F|  |TAMS 0x000000008a200000, 0x000000008a200000| Untracked 
| 163|0x000000008a300000, 0x000000008a300000, 0x000000008a400000|  0%| F|  |TAMS 0x000000008a300000, 0x000000008a300000| Untracked 
| 164|0x000000008a400000, 0x000000008a400000, 0x000000008a500000|  0%| F|  |TAMS 0x000000008a400000, 0x000000008a400000| Untracked 
| 165|0x000000008a500000, 0x000000008a500000, 0x000000008a600000|  0%| F|  |TAMS 0x000000008a500000, 0x000000008a500000| Untracked 
| 166|0x000000008a600000, 0x000000008a600000, 0x000000008a700000|  0%| F|  |TAMS 0x000000008a600000, 0x000000008a600000| Untracked 
| 167|0x000000008a700000, 0x000000008a700000, 0x000000008a800000|  0%| F|  |TAMS 0x000000008a700000, 0x000000008a700000| Untracked 
| 168|0x000000008a800000, 0x000000008a800000, 0x000000008a900000|  0%| F|  |TAMS 0x000000008a800000, 0x000000008a800000| Untracked 
| 169|0x000000008a900000, 0x000000008a900000, 0x000000008aa00000|  0%| F|  |TAMS 0x000000008a900000, 0x000000008a900000| Untracked 
| 170|0x000000008aa00000, 0x000000008aa00000, 0x000000008ab00000|  0%| F|  |TAMS 0x000000008aa00000, 0x000000008aa00000| Untracked 
| 171|0x000000008ab00000, 0x000000008ab00000, 0x000000008ac00000|  0%| F|  |TAMS 0x000000008ab00000, 0x000000008ab00000| Untracked 
| 172|0x000000008ac00000, 0x000000008ac00000, 0x000000008ad00000|  0%| F|  |TAMS 0x000000008ac00000, 0x000000008ac00000| Untracked 
| 173|0x000000008ad00000, 0x000000008ad00000, 0x000000008ae00000|  0%| F|  |TAMS 0x000000008ad00000, 0x000000008ad00000| Untracked 
| 174|0x000000008ae00000, 0x000000008ae00000, 0x000000008af00000|  0%| F|  |TAMS 0x000000008ae00000, 0x000000008ae00000| Untracked 
| 175|0x000000008af00000, 0x000000008af00000, 0x000000008b000000|  0%| F|  |TAMS 0x000000008af00000, 0x000000008af00000| Untracked 
| 176|0x000000008b000000, 0x000000008b000000, 0x000000008b100000|  0%| F|  |TAMS 0x000000008b000000, 0x000000008b000000| Untracked 
| 177|0x000000008b100000, 0x000000008b100000, 0x000000008b200000|  0%| F|  |TAMS 0x000000008b100000, 0x000000008b100000| Untracked 
| 178|0x000000008b200000, 0x000000008b200000, 0x000000008b300000|  0%| F|  |TAMS 0x000000008b200000, 0x000000008b200000| Untracked 
| 179|0x000000008b300000, 0x000000008b300000, 0x000000008b400000|  0%| F|  |TAMS 0x000000008b300000, 0x000000008b300000| Untracked 
| 180|0x000000008b400000, 0x000000008b400000, 0x000000008b500000|  0%| F|  |TAMS 0x000000008b400000, 0x000000008b400000| Untracked 
| 181|0x000000008b500000, 0x000000008b500000, 0x000000008b600000|  0%| F|  |TAMS 0x000000008b500000, 0x000000008b500000| Untracked 
| 182|0x000000008b600000, 0x000000008b600000, 0x000000008b700000|  0%| F|  |TAMS 0x000000008b600000, 0x000000008b600000| Untracked 
| 183|0x000000008b700000, 0x000000008b700000, 0x000000008b800000|  0%| F|  |TAMS 0x000000008b700000, 0x000000008b700000| Untracked 
| 184|0x000000008b800000, 0x000000008b800000, 0x000000008b900000|  0%| F|  |TAMS 0x000000008b800000, 0x000000008b800000| Untracked 
| 185|0x000000008b900000, 0x000000008b900000, 0x000000008ba00000|  0%| F|  |TAMS 0x000000008b900000, 0x000000008b900000| Untracked 
| 186|0x000000008ba00000, 0x000000008ba00000, 0x000000008bb00000|  0%| F|  |TAMS 0x000000008ba00000, 0x000000008ba00000| Untracked 
| 187|0x000000008bb00000, 0x000000008bb00000, 0x000000008bc00000|  0%| F|  |TAMS 0x000000008bb00000, 0x000000008bb00000| Untracked 
| 188|0x000000008bc00000, 0x000000008bc00000, 0x000000008bd00000|  0%| F|  |TAMS 0x000000008bc00000, 0x000000008bc00000| Untracked 
| 189|0x000000008bd00000, 0x000000008bd00000, 0x000000008be00000|  0%| F|  |TAMS 0x000000008bd00000, 0x000000008bd00000| Untracked 
| 190|0x000000008be00000, 0x000000008be00000, 0x000000008bf00000|  0%| F|  |TAMS 0x000000008be00000, 0x000000008be00000| Untracked 
| 191|0x000000008bf00000, 0x000000008bf00000, 0x000000008c000000|  0%| F|  |TAMS 0x000000008bf00000, 0x000000008bf00000| Untracked 
| 192|0x000000008c000000, 0x000000008c100000, 0x000000008c100000|100%| S|CS|TAMS 0x000000008c000000, 0x000000008c000000| Complete 
| 193|0x000000008c100000, 0x000000008c200000, 0x000000008c200000|100%| S|CS|TAMS 0x000000008c100000, 0x000000008c100000| Complete 
| 194|0x000000008c200000, 0x000000008c300000, 0x000000008c300000|100%| S|CS|TAMS 0x000000008c200000, 0x000000008c200000| Complete 
| 195|0x000000008c300000, 0x000000008c400000, 0x000000008c400000|100%| S|CS|TAMS 0x000000008c300000, 0x000000008c300000| Complete 
| 196|0x000000008c400000, 0x000000008c500000, 0x000000008c500000|100%| S|CS|TAMS 0x000000008c400000, 0x000000008c400000| Complete 
| 197|0x000000008c500000, 0x000000008c600000, 0x000000008c600000|100%| S|CS|TAMS 0x000000008c500000, 0x000000008c500000| Complete 
| 198|0x000000008c600000, 0x000000008c700000, 0x000000008c700000|100%| S|CS|TAMS 0x000000008c600000, 0x000000008c600000| Complete 
| 199|0x000000008c700000, 0x000000008c800000, 0x000000008c800000|100%| S|CS|TAMS 0x000000008c700000, 0x000000008c700000| Complete 
| 200|0x000000008c800000, 0x000000008c900000, 0x000000008c900000|100%| S|CS|TAMS 0x000000008c800000, 0x000000008c800000| Complete 
| 201|0x000000008c900000, 0x000000008ca00000, 0x000000008ca00000|100%| S|CS|TAMS 0x000000008c900000, 0x000000008c900000| Complete 
| 202|0x000000008ca00000, 0x000000008ca00000, 0x000000008cb00000|  0%| F|  |TAMS 0x000000008ca00000, 0x000000008ca00000| Untracked 
| 203|0x000000008cb00000, 0x000000008cb00000, 0x000000008cc00000|  0%| F|  |TAMS 0x000000008cb00000, 0x000000008cb00000| Untracked 
| 204|0x000000008cc00000, 0x000000008cc00000, 0x000000008cd00000|  0%| F|  |TAMS 0x000000008cc00000, 0x000000008cc00000| Untracked 
| 205|0x000000008cd00000, 0x000000008cd00000, 0x000000008ce00000|  0%| F|  |TAMS 0x000000008cd00000, 0x000000008cd00000| Untracked 
| 206|0x000000008ce00000, 0x000000008cf00000, 0x000000008cf00000|100%| O|  |TAMS 0x000000008cf00000, 0x000000008ce00000| Untracked 
| 207|0x000000008cf00000, 0x000000008d000000, 0x000000008d000000|100%| O|  |TAMS 0x000000008d000000, 0x000000008cf00000| Untracked 
| 208|0x000000008d000000, 0x000000008d100000, 0x000000008d100000|100%| O|  |TAMS 0x000000008d100000, 0x000000008d000000| Untracked 
| 209|0x000000008d100000, 0x000000008d200000, 0x000000008d200000|100%| O|  |TAMS 0x000000008d200000, 0x000000008d100000| Untracked 
| 210|0x000000008d200000, 0x000000008d200000, 0x000000008d300000|  0%| F|  |TAMS 0x000000008d200000, 0x000000008d200000| Untracked 
| 211|0x000000008d300000, 0x000000008d300000, 0x000000008d400000|  0%| F|  |TAMS 0x000000008d300000, 0x000000008d300000| Untracked 
| 212|0x000000008d400000, 0x000000008d400000, 0x000000008d500000|  0%| F|  |TAMS 0x000000008d400000, 0x000000008d400000| Untracked 
| 213|0x000000008d500000, 0x000000008d500000, 0x000000008d600000|  0%| F|  |TAMS 0x000000008d500000, 0x000000008d500000| Untracked 
| 214|0x000000008d600000, 0x000000008d600000, 0x000000008d700000|  0%| F|  |TAMS 0x000000008d600000, 0x000000008d600000| Untracked 
| 215|0x000000008d700000, 0x000000008d700000, 0x000000008d800000|  0%| F|  |TAMS 0x000000008d700000, 0x000000008d700000| Untracked 
| 216|0x000000008d800000, 0x000000008d800000, 0x000000008d900000|  0%| F|  |TAMS 0x000000008d800000, 0x000000008d800000| Untracked 
| 217|0x000000008d900000, 0x000000008d900000, 0x000000008da00000|  0%| F|  |TAMS 0x000000008d900000, 0x000000008d900000| Untracked 
| 218|0x000000008da00000, 0x000000008da00000, 0x000000008db00000|  0%| F|  |TAMS 0x000000008da00000, 0x000000008da00000| Untracked 
| 219|0x000000008db00000, 0x000000008db00000, 0x000000008dc00000|  0%| F|  |TAMS 0x000000008db00000, 0x000000008db00000| Untracked 
| 220|0x000000008dc00000, 0x000000008dc00000, 0x000000008dd00000|  0%| F|  |TAMS 0x000000008dc00000, 0x000000008dc00000| Untracked 
| 221|0x000000008dd00000, 0x000000008dd00000, 0x000000008de00000|  0%| F|  |TAMS 0x000000008dd00000, 0x000000008dd00000| Untracked 
| 222|0x000000008de00000, 0x000000008de00000, 0x000000008df00000|  0%| F|  |TAMS 0x000000008de00000, 0x000000008de00000| Untracked 
| 223|0x000000008df00000, 0x000000008df00000, 0x000000008e000000|  0%| F|  |TAMS 0x000000008df00000, 0x000000008df00000| Untracked 
| 224|0x000000008e000000, 0x000000008e000000, 0x000000008e100000|  0%| F|  |TAMS 0x000000008e000000, 0x000000008e000000| Untracked 
| 225|0x000000008e100000, 0x000000008e100000, 0x000000008e200000|  0%| F|  |TAMS 0x000000008e100000, 0x000000008e100000| Untracked 
| 226|0x000000008e200000, 0x000000008e200000, 0x000000008e300000|  0%| F|  |TAMS 0x000000008e200000, 0x000000008e200000| Untracked 
| 227|0x000000008e300000, 0x000000008e300000, 0x000000008e400000|  0%| F|  |TAMS 0x000000008e300000, 0x000000008e300000| Untracked 
| 228|0x000000008e400000, 0x000000008e400000, 0x000000008e500000|  0%| F|  |TAMS 0x000000008e400000, 0x000000008e400000| Untracked 
| 229|0x000000008e500000, 0x000000008e500000, 0x000000008e600000|  0%| F|  |TAMS 0x000000008e500000, 0x000000008e500000| Untracked 
| 230|0x000000008e600000, 0x000000008e600000, 0x000000008e700000|  0%| F|  |TAMS 0x000000008e600000, 0x000000008e600000| Untracked 
| 231|0x000000008e700000, 0x000000008e700000, 0x000000008e800000|  0%| F|  |TAMS 0x000000008e700000, 0x000000008e700000| Untracked 
| 232|0x000000008e800000, 0x000000008e800000, 0x000000008e900000|  0%| F|  |TAMS 0x000000008e800000, 0x000000008e800000| Untracked 
| 233|0x000000008e900000, 0x000000008e900000, 0x000000008ea00000|  0%| F|  |TAMS 0x000000008e900000, 0x000000008e900000| Untracked 
| 234|0x000000008ea00000, 0x000000008ea00000, 0x000000008eb00000|  0%| F|  |TAMS 0x000000008ea00000, 0x000000008ea00000| Untracked 
| 235|0x000000008eb00000, 0x000000008eb00000, 0x000000008ec00000|  0%| F|  |TAMS 0x000000008eb00000, 0x000000008eb00000| Untracked 
| 236|0x000000008ec00000, 0x000000008ec00000, 0x000000008ed00000|  0%| F|  |TAMS 0x000000008ec00000, 0x000000008ec00000| Untracked 
| 237|0x000000008ed00000, 0x000000008ed00000, 0x000000008ee00000|  0%| F|  |TAMS 0x000000008ed00000, 0x000000008ed00000| Untracked 
| 238|0x000000008ee00000, 0x000000008ee00000, 0x000000008ef00000|  0%| F|  |TAMS 0x000000008ee00000, 0x000000008ee00000| Untracked 
| 239|0x000000008ef00000, 0x000000008ef00000, 0x000000008f000000|  0%| F|  |TAMS 0x000000008ef00000, 0x000000008ef00000| Untracked 
| 240|0x000000008f000000, 0x000000008f000000, 0x000000008f100000|  0%| F|  |TAMS 0x000000008f000000, 0x000000008f000000| Untracked 
| 241|0x000000008f100000, 0x000000008f100000, 0x000000008f200000|  0%| F|  |TAMS 0x000000008f100000, 0x000000008f100000| Untracked 
| 242|0x000000008f200000, 0x000000008f200000, 0x000000008f300000|  0%| F|  |TAMS 0x000000008f200000, 0x000000008f200000| Untracked 
| 243|0x000000008f300000, 0x000000008f300000, 0x000000008f400000|  0%| F|  |TAMS 0x000000008f300000, 0x000000008f300000| Untracked 
| 244|0x000000008f400000, 0x000000008f400000, 0x000000008f500000|  0%| F|  |TAMS 0x000000008f400000, 0x000000008f400000| Untracked 
| 245|0x000000008f500000, 0x000000008f500000, 0x000000008f600000|  0%| F|  |TAMS 0x000000008f500000, 0x000000008f500000| Untracked 
| 246|0x000000008f600000, 0x000000008f600000, 0x000000008f700000|  0%| F|  |TAMS 0x000000008f600000, 0x000000008f600000| Untracked 
| 247|0x000000008f700000, 0x000000008f700000, 0x000000008f800000|  0%| F|  |TAMS 0x000000008f700000, 0x000000008f700000| Untracked 
| 248|0x000000008f800000, 0x000000008f800000, 0x000000008f900000|  0%| F|  |TAMS 0x000000008f800000, 0x000000008f800000| Untracked 
| 249|0x000000008f900000, 0x000000008f900000, 0x000000008fa00000|  0%| F|  |TAMS 0x000000008f900000, 0x000000008f900000| Untracked 
| 250|0x000000008fa00000, 0x000000008fa00000, 0x000000008fb00000|  0%| F|  |TAMS 0x000000008fa00000, 0x000000008fa00000| Untracked 
| 251|0x000000008fb00000, 0x000000008fb00000, 0x000000008fc00000|  0%| F|  |TAMS 0x000000008fb00000, 0x000000008fb00000| Untracked 
| 252|0x000000008fc00000, 0x000000008fc00000, 0x000000008fd00000|  0%| F|  |TAMS 0x000000008fc00000, 0x000000008fc00000| Untracked 
| 253|0x000000008fd00000, 0x000000008fd9d6a8, 0x000000008fe00000| 61%| E|  |TAMS 0x000000008fd00000, 0x000000008fd00000| Complete 
| 254|0x000000008fe00000, 0x000000008ff00000, 0x000000008ff00000|100%| E|CS|TAMS 0x000000008fe00000, 0x000000008fe00000| Complete 
| 255|0x000000008ff00000, 0x0000000090000000, 0x0000000090000000|100%| E|CS|TAMS 0x000000008ff00000, 0x000000008ff00000| Complete 
| 256|0x0000000090000000, 0x0000000090100000, 0x0000000090100000|100%| E|CS|TAMS 0x0000000090000000, 0x0000000090000000| Complete 
| 257|0x0000000090100000, 0x0000000090200000, 0x0000000090200000|100%| E|CS|TAMS 0x0000000090100000, 0x0000000090100000| Complete 
| 258|0x0000000090200000, 0x0000000090300000, 0x0000000090300000|100%| E|CS|TAMS 0x0000000090200000, 0x0000000090200000| Complete 
| 259|0x0000000090300000, 0x0000000090400000, 0x0000000090400000|100%| E|CS|TAMS 0x0000000090300000, 0x0000000090300000| Complete 
| 260|0x0000000090400000, 0x0000000090500000, 0x0000000090500000|100%| E|CS|TAMS 0x0000000090400000, 0x0000000090400000| Complete 
| 261|0x0000000090500000, 0x0000000090600000, 0x0000000090600000|100%| E|CS|TAMS 0x0000000090500000, 0x0000000090500000| Complete 
| 262|0x0000000090600000, 0x0000000090700000, 0x0000000090700000|100%| E|CS|TAMS 0x0000000090600000, 0x0000000090600000| Complete 
| 263|0x0000000090700000, 0x0000000090800000, 0x0000000090800000|100%| E|CS|TAMS 0x0000000090700000, 0x0000000090700000| Complete 
| 264|0x0000000090800000, 0x0000000090900000, 0x0000000090900000|100%| E|CS|TAMS 0x0000000090800000, 0x0000000090800000| Complete 
| 265|0x0000000090900000, 0x0000000090a00000, 0x0000000090a00000|100%| E|CS|TAMS 0x0000000090900000, 0x0000000090900000| Complete 
| 266|0x0000000090a00000, 0x0000000090b00000, 0x0000000090b00000|100%| E|CS|TAMS 0x0000000090a00000, 0x0000000090a00000| Complete 
| 267|0x0000000090b00000, 0x0000000090c00000, 0x0000000090c00000|100%| E|CS|TAMS 0x0000000090b00000, 0x0000000090b00000| Complete 
| 268|0x0000000090c00000, 0x0000000090d00000, 0x0000000090d00000|100%| E|CS|TAMS 0x0000000090c00000, 0x0000000090c00000| Complete 
| 269|0x0000000090d00000, 0x0000000090e00000, 0x0000000090e00000|100%| E|CS|TAMS 0x0000000090d00000, 0x0000000090d00000| Complete 
| 270|0x0000000090e00000, 0x0000000090f00000, 0x0000000090f00000|100%| E|CS|TAMS 0x0000000090e00000, 0x0000000090e00000| Complete 
| 271|0x0000000090f00000, 0x0000000091000000, 0x0000000091000000|100%| E|CS|TAMS 0x0000000090f00000, 0x0000000090f00000| Complete 
| 272|0x0000000091000000, 0x0000000091100000, 0x0000000091100000|100%| E|CS|TAMS 0x0000000091000000, 0x0000000091000000| Complete 
| 273|0x0000000091100000, 0x0000000091200000, 0x0000000091200000|100%| E|CS|TAMS 0x0000000091100000, 0x0000000091100000| Complete 
| 274|0x0000000091200000, 0x0000000091300000, 0x0000000091300000|100%| E|CS|TAMS 0x0000000091200000, 0x0000000091200000| Complete 
| 275|0x0000000091300000, 0x0000000091400000, 0x0000000091400000|100%| E|CS|TAMS 0x0000000091300000, 0x0000000091300000| Complete 
| 276|0x0000000091400000, 0x0000000091500000, 0x0000000091500000|100%| E|CS|TAMS 0x0000000091400000, 0x0000000091400000| Complete 
| 277|0x0000000091500000, 0x0000000091600000, 0x0000000091600000|100%| E|CS|TAMS 0x0000000091500000, 0x0000000091500000| Complete 
| 278|0x0000000091600000, 0x0000000091700000, 0x0000000091700000|100%| E|CS|TAMS 0x0000000091600000, 0x0000000091600000| Complete 
| 279|0x0000000091700000, 0x0000000091800000, 0x0000000091800000|100%| E|CS|TAMS 0x0000000091700000, 0x0000000091700000| Complete 

Card table byte_map: [0x000001d22a740000,0x000001d22ab40000] _byte_map_base: 0x000001d22a340000

Marking Bits (Prev, Next): (CMBitMap*) 0x000001d217535920, (CMBitMap*) 0x000001d2175358e8
 Prev Bits: [0x000001d22cf40000, 0x000001d22ef40000)
 Next Bits: [0x000001d22af40000, 0x000001d22cf40000)

Polling page: 0x000001d216cd0000

Metaspace:

Usage:
  Non-class:     96.11 MB capacity,    93.41 MB ( 97%) used,     2.33 MB (  2%) free+waste,   378.56 KB ( <1%) overhead. 
      Class:     15.27 MB capacity,    13.87 MB ( 91%) used,     1.23 MB (  8%) free+waste,   171.50 KB (  1%) overhead. 
       Both:    111.37 MB capacity,   107.28 MB ( 96%) used,     3.56 MB (  3%) free+waste,   550.06 KB ( <1%) overhead. 

Virtual space:
  Non-class space:       98.00 MB reserved,      96.26 MB ( 98%) committed 
      Class space:        1.00 GB reserved,      15.32 MB (  1%) committed 
             Both:        1.10 GB reserved,     111.58 MB ( 10%) committed 

Chunk freelists:
   Non-Class:  28.00 KB
       Class:  0 bytes
        Both:  28.00 KB

MaxMetaspaceSize: 17179869184.00 GB
CompressedClassSpaceSize: 1.00 GB
Initial GC threshold: 20.80 MB
Current GC threshold: 184.51 MB
CDS: off

CodeHeap 'non-profiled nmethods': size=120000Kb used=12811Kb max_used=12811Kb free=107188Kb
 bounds [0x000001d222ae0000, 0x000001d223770000, 0x000001d22a010000]
CodeHeap 'profiled nmethods': size=120000Kb used=37783Kb max_used=37783Kb free=82216Kb
 bounds [0x000001d21b5b0000, 0x000001d21daa0000, 0x000001d222ae0000]
CodeHeap 'non-nmethods': size=5760Kb used=2419Kb max_used=2504Kb free=3340Kb
 bounds [0x000001d21b010000, 0x000001d21b290000, 0x000001d21b5b0000]
 total_blobs=18000 nmethods=17048 adapters=863
 compilation: enabled
              stopped_count=0, restarted_count=0
 full_count=0

Compilation events (20 events):
Event: 170.593 Thread 0x000001d232266800 17134       3       org.gradle.internal.operations.CurrentBuildOperationRef::getId (20 bytes)
Event: 170.593 Thread 0x000001d232266800 nmethod 17134 0x000001d21da89c10 code [0x000001d21da89e00, 0x000001d21da8a228]
Event: 170.597 Thread 0x000001d232222000 17136       4       org.gradle.internal.logging.text.AbstractLineChoppingStyledTextOutput$StateContext::next (11 bytes)
Event: 170.597 Thread 0x000001d232266800 17138       3       org.gradle.internal.logging.text.AbstractLineChoppingStyledTextOutput$2::execute (77 bytes)
Event: 170.597 Thread 0x000001d232222000 nmethod 17136 0x000001d223760c10 code [0x000001d223760da0, 0x000001d223760df8]
Event: 170.597 Thread 0x000001d232222000 17137       4       org.gradle.internal.logging.sink.OutputEventTransformer::onOutput (399 bytes)
Event: 170.598 Thread 0x000001d232266800 nmethod 17138 0x000001d21da8a410 code [0x000001d21da8a6a0, 0x000001d21da8b138]
Event: 170.601 Thread 0x000001d232266800 17140       3       org.gradle.internal.logging.text.AbstractLineChoppingStyledTextOutput::doAppend (43 bytes)
Event: 170.601 Thread 0x000001d232266800 nmethod 17140 0x000001d21da8b610 code [0x000001d21da8b800, 0x000001d21da8bca8]
Event: 170.602 Thread 0x000001d232266800 17143       3       org.gradle.internal.io.StreamByteBuffer::hasRemaining (17 bytes)
Event: 170.602 Thread 0x000001d232266800 nmethod 17143 0x000001d21da8be90 code [0x000001d21da8c040, 0x000001d21da8c298]
Event: 170.603 Thread 0x000001d232266800 17145       3       org.gradle.internal.operations.DefaultBuildOperationListenerManager$ProgressShieldingBuildOperationListener::progress (25 bytes)
Event: 170.603 Thread 0x000001d232266800 nmethod 17145 0x000001d21da8c390 code [0x000001d21da8c560, 0x000001d21da8c838]
Event: 170.603 Thread 0x000001d234ca3000 17142       4       org.gradle.internal.logging.text.AbstractLineChoppingStyledTextOutput::access$900 (4 bytes)
Event: 170.604 Thread 0x000001d234ca3000 nmethod 17142 0x000001d223760f10 code [0x000001d2237610a0, 0x000001d2237610f8]
Event: 170.604 Thread 0x000001d234ca3000 17139       4       org.gradle.internal.io.StreamByteBuffer::allocateSpace (73 bytes)
Event: 170.604 Thread 0x000001d232266800 17146       3       org.gradle.internal.operations.DefaultBuildOperationListenerManager$1::progress (47 bytes)
Event: 170.604 Thread 0x000001d232266800 nmethod 17146 0x000001d21da8c990 code [0x000001d21da8cb80, 0x000001d21da8d0c8]
Event: 170.604 Thread 0x000001d232266800 17147       3       org.gradle.internal.operations.DefaultBuildOperationAncestryTracker::progress (1 bytes)
Event: 170.604 Thread 0x000001d232266800 nmethod 17147 0x000001d21da8d290 code [0x000001d21da8d440, 0x000001d21da8d538]

GC Heap History (20 events):
Event: 71.336 GC heap before
{Heap before GC invocations=21 (full 0):
 garbage-first heap   total 262144K, used 138648K [0x0000000080000000, 0x0000000100000000)
  region size 1024K, 23 young (23552K), 12 survivors (12288K)
 Metaspace       used 105576K, capacity 109648K, committed 109908K, reserved 1144832K
  class space    used 13807K, capacity 15166K, committed 15180K, reserved 1048576K
}
Event: 71.354 GC heap after
{Heap after GC invocations=22 (full 0):
 garbage-first heap   total 262144K, used 130769K [0x0000000080000000, 0x0000000100000000)
  region size 1024K, 3 young (3072K), 3 survivors (3072K)
 Metaspace       used 105576K, capacity 109648K, committed 109908K, reserved 1144832K
  class space    used 13807K, capacity 15166K, committed 15180K, reserved 1048576K
}
Event: 72.252 GC heap before
{Heap before GC invocations=23 (full 0):
 garbage-first heap   total 262144K, used 259793K [0x0000000080000000, 0x0000000100000000)
  region size 1024K, 50 young (51200K), 3 survivors (3072K)
 Metaspace       used 105749K, capacity 109753K, committed 110036K, reserved 1144832K
  class space    used 13822K, capacity 15199K, committed 15308K, reserved 1048576K
}
Event: 72.262 GC heap after
{Heap after GC invocations=24 (full 0):
 garbage-first heap   total 266240K, used 213957K [0x0000000080000000, 0x0000000100000000)
  region size 1024K, 4 young (4096K), 4 survivors (4096K)
 Metaspace       used 105749K, capacity 109753K, committed 110036K, reserved 1144832K
  class space    used 13822K, capacity 15199K, committed 15308K, reserved 1048576K
}
Event: 72.564 GC heap before
{Heap before GC invocations=24 (full 0):
 garbage-first heap   total 266240K, used 231365K [0x0000000080000000, 0x0000000100000000)
  region size 1024K, 23 young (23552K), 4 survivors (4096K)
 Metaspace       used 105834K, capacity 109849K, committed 110036K, reserved 1144832K
  class space    used 13825K, capacity 15204K, committed 15308K, reserved 1048576K
}
Event: 72.576 GC heap after
{Heap after GC invocations=25 (full 0):
 garbage-first heap   total 266240K, used 215143K [0x0000000080000000, 0x0000000100000000)
  region size 1024K, 2 young (2048K), 2 survivors (2048K)
 Metaspace       used 105834K, capacity 109849K, committed 110036K, reserved 1144832K
  class space    used 13825K, capacity 15204K, committed 15308K, reserved 1048576K
}
Event: 73.208 GC heap before
{Heap before GC invocations=26 (full 0):
 garbage-first heap   total 266240K, used 233575K [0x0000000080000000, 0x0000000100000000)
  region size 1024K, 21 young (21504K), 2 survivors (2048K)
 Metaspace       used 105714K, capacity 109523K, committed 110036K, reserved 1144832K
  class space    used 13758K, capacity 15069K, committed 15308K, reserved 1048576K
}
Event: 73.214 GC heap after
{Heap after GC invocations=27 (full 0):
 garbage-first heap   total 266240K, used 215690K [0x0000000080000000, 0x0000000100000000)
  region size 1024K, 2 young (2048K), 2 survivors (2048K)
 Metaspace       used 105714K, capacity 109523K, committed 110036K, reserved 1144832K
  class space    used 13758K, capacity 15069K, committed 15308K, reserved 1048576K
}
Event: 74.340 GC heap before
{Heap before GC invocations=27 (full 0):
 garbage-first heap   total 266240K, used 233098K [0x0000000080000000, 0x0000000100000000)
  region size 1024K, 20 young (20480K), 2 survivors (2048K)
 Metaspace       used 106216K, capacity 110090K, committed 110548K, reserved 1144832K
  class space    used 13799K, capacity 15107K, committed 15308K, reserved 1048576K
}
Event: 74.351 GC heap after
{Heap after GC invocations=28 (full 0):
 garbage-first heap   total 266240K, used 218098K [0x0000000080000000, 0x0000000100000000)
  region size 1024K, 3 young (3072K), 3 survivors (3072K)
 Metaspace       used 106216K, capacity 110090K, committed 110548K, reserved 1144832K
  class space    used 13799K, capacity 15107K, committed 15308K, reserved 1048576K
}
Event: 76.158 GC heap before
{Heap before GC invocations=29 (full 0):
 garbage-first heap   total 266240K, used 192498K [0x0000000080000000, 0x0000000100000000)
  region size 1024K, 19 young (19456K), 3 survivors (3072K)
 Metaspace       used 107856K, capacity 111799K, committed 112084K, reserved 1146880K
  class space    used 14009K, capacity 15369K, committed 15564K, reserved 1048576K
}
Event: 76.164 GC heap after
{Heap after GC invocations=30 (full 0):
 garbage-first heap   total 266240K, used 137265K [0x0000000080000000, 0x0000000100000000)
  region size 1024K, 2 young (2048K), 2 survivors (2048K)
 Metaspace       used 107856K, capacity 111799K, committed 112084K, reserved 1146880K
  class space    used 14009K, capacity 15369K, committed 15564K, reserved 1048576K
}
Event: 76.371 GC heap before
{Heap before GC invocations=30 (full 0):
 garbage-first heap   total 266240K, used 154673K [0x0000000080000000, 0x0000000100000000)
  region size 1024K, 21 young (21504K), 2 survivors (2048K)
 Metaspace       used 108140K, capacity 112036K, committed 112340K, reserved 1146880K
  class space    used 14049K, capacity 15404K, committed 15564K, reserved 1048576K
}
Event: 76.378 GC heap after
{Heap after GC invocations=31 (full 0):
 garbage-first heap   total 266240K, used 137587K [0x0000000080000000, 0x0000000100000000)
  region size 1024K, 2 young (2048K), 2 survivors (2048K)
 Metaspace       used 108140K, capacity 112036K, committed 112340K, reserved 1146880K
  class space    used 14049K, capacity 15404K, committed 15564K, reserved 1048576K
}
Event: 76.955 GC heap before
{Heap before GC invocations=32 (full 0):
 garbage-first heap   total 284672K, used 284019K [0x0000000080000000, 0x0000000100000000)
  region size 1024K, 4 young (4096K), 2 survivors (2048K)
 Metaspace       used 108246K, capacity 112155K, committed 112340K, reserved 1146880K
  class space    used 14068K, capacity 15445K, committed 15564K, reserved 1048576K
}
Event: 76.958 GC heap after
{Heap after GC invocations=33 (full 0):
 garbage-first heap   total 286720K, used 137398K [0x0000000080000000, 0x0000000100000000)
  region size 1024K, 2 young (2048K), 2 survivors (2048K)
 Metaspace       used 108246K, capacity 112155K, committed 112340K, reserved 1146880K
  class space    used 14068K, capacity 15445K, committed 15564K, reserved 1048576K
}
Event: 165.913 GC heap before
{Heap before GC invocations=33 (full 0):
 garbage-first heap   total 286720K, used 202934K [0x0000000080000000, 0x0000000100000000)
  region size 1024K, 67 young (68608K), 2 survivors (2048K)
 Metaspace       used 109017K, capacity 113033K, committed 113108K, reserved 1146880K
  class space    used 14154K, capacity 15548K, committed 15564K, reserved 1048576K
}
Event: 165.925 GC heap after
{Heap after GC invocations=34 (full 0):
 garbage-first heap   total 286720K, used 141251K [0x0000000080000000, 0x0000000100000000)
  region size 1024K, 5 young (5120K), 5 survivors (5120K)
 Metaspace       used 109017K, capacity 113033K, committed 113108K, reserved 1146880K
  class space    used 14154K, capacity 15548K, committed 15564K, reserved 1048576K
}
Event: 166.776 GC heap before
{Heap before GC invocations=35 (full 0):
 garbage-first heap   total 286720K, used 211907K [0x0000000080000000, 0x0000000100000000)
  region size 1024K, 74 young (75776K), 5 survivors (5120K)
 Metaspace       used 109687K, capacity 113887K, committed 114004K, reserved 1148928K
  class space    used 14187K, capacity 15609K, committed 15692K, reserved 1048576K
}
Event: 166.796 GC heap after
{Heap after GC invocations=36 (full 0):
 garbage-first heap   total 286720K, used 155812K [0x0000000080000000, 0x0000000100000000)
  region size 1024K, 10 young (10240K), 10 survivors (10240K)
 Metaspace       used 109687K, capacity 113887K, committed 114004K, reserved 1148928K
  class space    used 14187K, capacity 15609K, committed 15692K, reserved 1048576K
}

Deoptimization events (20 events):
Event: 170.012 Thread 0x000001d23386f800 Uncommon trap: trap_request=0xffffff4d fr.pc=0x000001d223660738 relative=0x0000000000001138
Event: 170.013 Thread 0x000001d23386f800 Uncommon trap: reason=unstable_if action=reinterpret pc=0x000001d223660738 method=org.gradle.internal.logging.text.AbstractLineChoppingStyledTextOutput$2.execute(Lorg/gradle/internal/logging/text/AbstractLineChoppingStyledTextOutput$StateContext;)V @ 34 c
Event: 170.013 Thread 0x000001d23386f800 DEOPT PACKING pc=0x000001d223660738 sp=0x000000c1a41fdbf0
Event: 170.013 Thread 0x000001d23386f800 DEOPT UNPACKING pc=0x000001d21b05a1af sp=0x000000c1a41fda48 mode 2
Event: 170.590 Thread 0x000001d23386f800 Uncommon trap: trap_request=0xffffffde fr.pc=0x000001d2236f4cd8 relative=0x0000000000001798
Event: 170.590 Thread 0x000001d23386f800 Uncommon trap: reason=class_check action=maybe_recompile pc=0x000001d2236f4cd8 method=org.gradle.internal.logging.sink.OutputEventTransformer.onOutput(Lorg/gradle/internal/logging/events/OutputEvent;)V @ 335 c2
Event: 170.591 Thread 0x000001d23386f800 DEOPT PACKING pc=0x000001d2236f4cd8 sp=0x000000c1a41fe370
Event: 170.591 Thread 0x000001d23386f800 DEOPT UNPACKING pc=0x000001d21b05a1af sp=0x000000c1a41fe348 mode 2
Event: 170.591 Thread 0x000001d23386f800 Uncommon trap: trap_request=0xffffffde fr.pc=0x000001d2236f4cd8 relative=0x0000000000001798
Event: 170.591 Thread 0x000001d23386f800 Uncommon trap: reason=class_check action=maybe_recompile pc=0x000001d2236f4cd8 method=org.gradle.internal.logging.sink.OutputEventTransformer.onOutput(Lorg/gradle/internal/logging/events/OutputEvent;)V @ 335 c2
Event: 170.591 Thread 0x000001d23386f800 DEOPT PACKING pc=0x000001d2236f4cd8 sp=0x000000c1a41fe370
Event: 170.591 Thread 0x000001d23386f800 DEOPT UNPACKING pc=0x000001d21b05a1af sp=0x000000c1a41fe348 mode 2
Event: 170.591 Thread 0x000001d23386f800 Uncommon trap: trap_request=0xffffff4d fr.pc=0x000001d22365a80c relative=0x000000000000040c
Event: 170.591 Thread 0x000001d23386f800 Uncommon trap: reason=unstable_if action=reinterpret pc=0x000001d22365a80c method=org.gradle.internal.logging.text.AbstractLineChoppingStyledTextOutput$2.execute(Lorg/gradle/internal/logging/text/AbstractLineChoppingStyledTextOutput$StateContext;)V @ 34 c
Event: 170.591 Thread 0x000001d23386f800 DEOPT PACKING pc=0x000001d22365a80c sp=0x000000c1a41fdba0
Event: 170.591 Thread 0x000001d23386f800 DEOPT UNPACKING pc=0x000001d21b05a1af sp=0x000000c1a41fda38 mode 2
Event: 170.592 Thread 0x000001d23386f800 Uncommon trap: trap_request=0xffffff4d fr.pc=0x000001d22365e3c8 relative=0x00000000000002e8
Event: 170.592 Thread 0x000001d23386f800 Uncommon trap: reason=unstable_if action=reinterpret pc=0x000001d22365e3c8 method=org.gradle.internal.logging.text.AbstractLineChoppingStyledTextOutput$2.execute(Lorg/gradle/internal/logging/text/AbstractLineChoppingStyledTextOutput$StateContext;)V @ 34 c
Event: 170.592 Thread 0x000001d23386f800 DEOPT PACKING pc=0x000001d22365e3c8 sp=0x000000c1a41fdab0
Event: 170.592 Thread 0x000001d23386f800 DEOPT UNPACKING pc=0x000001d21b05a1af sp=0x000000c1a41fda70 mode 2

Classes redefined (0 events):
No events

Internal exceptions (20 events):
Event: 77.487 Thread 0x000001d2344e2000 Exception <a 'java/lang/ClassNotFoundException'{0x0000000090e0bb80}: org/codehaus/groovy/runtime/HandleMetaClassBeanInfo> (0x0000000090e0bb80) thrown at [./src/hotspot/share/classfile/systemDictionary.cpp, line 231]
Event: 77.490 Thread 0x000001d2344e2000 Exception <a 'java/lang/ClassNotFoundException'{0x0000000090e49a18}: groovy/lang/DelegatingMetaClassBeanInfo> (0x0000000090e49a18) thrown at [./src/hotspot/share/classfile/systemDictionary.cpp, line 231]
Event: 77.492 Thread 0x000001d2344e2000 Exception <a 'java/lang/ClassNotFoundException'{0x0000000090e873d8}: groovy/lang/DelegatingMetaClassCustomizer> (0x0000000090e873d8) thrown at [./src/hotspot/share/classfile/systemDictionary.cpp, line 231]
Event: 77.499 Thread 0x000001d2344e2000 Exception <a 'java/lang/ClassNotFoundException'{0x0000000090b5de00}: org/codehaus/groovy/runtime/HandleMetaClassCustomizer> (0x0000000090b5de00) thrown at [./src/hotspot/share/classfile/systemDictionary.cpp, line 231]
Event: 77.504 Thread 0x000001d2344e2000 Exception <a 'java/lang/ClassNotFoundException'{0x0000000090b9cf08}: com/android/build/OutputFileBeanInfo> (0x0000000090b9cf08) thrown at [./src/hotspot/share/classfile/systemDictionary.cpp, line 231]
Event: 77.505 Thread 0x000001d2344e2000 Exception <a 'java/lang/ClassNotFoundException'{0x0000000090bb0f18}: com/android/build/OutputFileCustomizer> (0x0000000090bb0f18) thrown at [./src/hotspot/share/classfile/systemDictionary.cpp, line 231]
Event: 77.873 Thread 0x000001d234aa2800 Implicit null exception at 0x000001d2235d4eb9 to 0x000001d2235d4ff1
Event: 78.051 Thread 0x000001d234aa2800 Implicit null exception at 0x000001d223559c5a to 0x000001d22355aae8
Event: 165.552 Thread 0x000001d235692800 Implicit null exception at 0x000001d22320ed2f to 0x000001d22320ed7c
Event: 165.937 Thread 0x000001d235692800 Exception <a 'sun/nio/fs/WindowsException'{0x00000000917e3a38}> (0x00000000917e3a38) thrown at [./src/hotspot/share/prims/jni.cpp, line 616]
Event: 165.967 Thread 0x000001d235692800 Implicit null exception at 0x000001d22327f8fe to 0x000001d22327fa10
Event: 166.118 Thread 0x000001d235692800 Exception <a 'java/lang/NoClassDefFoundError'{0x0000000090bdd978}: org/jetbrains/kotlin/gradle/plugin/KotlinBasePluginWrapper> (0x0000000090bdd978) thrown at [./src/hotspot/share/oops/constantPool.cpp, line 775]
Event: 166.338 Thread 0x000001d235692800 Exception <a 'java/lang/NoClassDefFoundError'{0x000000008f92d828}: org/jetbrains/kotlin/gradle/plugin/KotlinBasePluginWrapper> (0x000000008f92d828) thrown at [./src/hotspot/share/oops/constantPool.cpp, line 775]
Event: 166.402 Thread 0x000001d235692800 Exception <a 'java/lang/NoClassDefFoundError'{0x000000008f1f41d8}: org/jetbrains/kotlin/gradle/plugin/KotlinBasePluginWrapper> (0x000000008f1f41d8) thrown at [./src/hotspot/share/oops/constantPool.cpp, line 775]
Event: 166.469 Thread 0x000001d235692800 Exception <a 'java/lang/NoClassDefFoundError'{0x000000008e8c77b0}: org/jetbrains/kotlin/gradle/plugin/KotlinBasePluginWrapper> (0x000000008e8c77b0) thrown at [./src/hotspot/share/oops/constantPool.cpp, line 775]
Event: 166.495 Thread 0x000001d235692800 Exception <a 'sun/nio/fs/WindowsException'{0x000000008e5c9d60}> (0x000000008e5c9d60) thrown at [./src/hotspot/share/prims/jni.cpp, line 616]
Event: 166.504 Thread 0x000001d235692800 Exception <a 'sun/nio/fs/WindowsException'{0x000000008e46d800}> (0x000000008e46d800) thrown at [./src/hotspot/share/prims/jni.cpp, line 616]
Event: 166.504 Thread 0x000001d235692800 Exception <a 'sun/nio/fs/WindowsException'{0x000000008e46eb78}> (0x000000008e46eb78) thrown at [./src/hotspot/share/prims/jni.cpp, line 616]
Event: 166.505 Thread 0x000001d235692800 Exception <a 'sun/nio/fs/WindowsException'{0x000000008e46ff40}> (0x000000008e46ff40) thrown at [./src/hotspot/share/prims/jni.cpp, line 616]
Event: 166.505 Thread 0x000001d235692800 Exception <a 'sun/nio/fs/WindowsException'{0x000000008e471308}> (0x000000008e471308) thrown at [./src/hotspot/share/prims/jni.cpp, line 616]

Events (20 events):
Event: 166.495 Executing VM operation: RevokeBias done
Event: 166.496 Executing VM operation: RevokeBias
Event: 166.496 Executing VM operation: RevokeBias done
Event: 166.553 Executing VM operation: RevokeBias
Event: 166.553 Executing VM operation: RevokeBias done
Event: 166.715 Executing VM operation: RevokeBias
Event: 166.716 Executing VM operation: RevokeBias done
Event: 166.776 Executing VM operation: G1CollectForAllocation
Event: 166.796 Executing VM operation: G1CollectForAllocation done
Event: 166.899 Executing VM operation: RevokeBias
Event: 166.900 Executing VM operation: RevokeBias done
Event: 166.900 Executing VM operation: RevokeBias
Event: 166.900 Executing VM operation: RevokeBias done
Event: 166.902 Thread 0x000001d233871800 Thread added: 0x000001d233871800
Event: 167.049 Thread 0x000001d233875800 Thread added: 0x000001d233875800
Event: 167.057 Thread 0x000001d23386f800 Thread added: 0x000001d23386f800
Event: 167.057 Thread 0x000001d233876800 Thread added: 0x000001d233876800
Event: 170.012 Thread 0x000001d23a106000 Thread exited: 0x000001d23a106000
Event: 170.012 Thread 0x000001d234ca3000 Thread exited: 0x000001d234ca3000
Event: 170.603 Thread 0x000001d234ca3000 Thread added: 0x000001d234ca3000


Dynamic libraries:
0x00007ff7a2770000 - 0x00007ff7a277a000 	C:\Program Files\Android\Android Studio\jre\bin\java.exe
0x00007ffd3a910000 - 0x00007ffd3ab08000 	C:\WINDOWS\SYSTEM32\ntdll.dll
0x00007ffd39820000 - 0x00007ffd398dd000 	C:\WINDOWS\System32\KERNEL32.DLL
0x00007ffd38260000 - 0x00007ffd38556000 	C:\WINDOWS\System32\KERNELBASE.dll
0x00007ffd38830000 - 0x00007ffd38930000 	C:\WINDOWS\System32\ucrtbase.dll
0x00007ffcfb370000 - 0x00007ffcfb389000 	C:\Program Files\Android\Android Studio\jre\bin\jli.dll
0x00007ffcfb5a0000 - 0x00007ffcfb5b7000 	C:\Program Files\Android\Android Studio\jre\bin\VCRUNTIME140.dll
0x00007ffd38ac0000 - 0x00007ffd38c5e000 	C:\WINDOWS\System32\USER32.dll
0x00007ffd2a190000 - 0x00007ffd2a42a000 	C:\WINDOWS\WinSxS\amd64_microsoft.windows.common-controls_6595b64144ccf1df_6.0.19041.3636_none_60b6a03d71f818d5\COMCTL32.dll
0x00007ffd38a20000 - 0x00007ffd38abe000 	C:\WINDOWS\System32\msvcrt.dll
0x00007ffd38800000 - 0x00007ffd38822000 	C:\WINDOWS\System32\win32u.dll
0x00007ffd39a40000 - 0x00007ffd39a6c000 	C:\WINDOWS\System32\GDI32.dll
0x00007ffd37fe0000 - 0x00007ffd380fa000 	C:\WINDOWS\System32\gdi32full.dll
0x00007ffd386f0000 - 0x00007ffd3878d000 	C:\WINDOWS\System32\msvcp_win.dll
0x00007ffd3a260000 - 0x00007ffd3a290000 	C:\WINDOWS\System32\IMM32.DLL
0x00007ffcf3770000 - 0x00007ffcf380d000 	C:\Program Files\Android\Android Studio\jre\bin\msvcp140.dll
0x00007ffd10640000 - 0x00007ffd11142000 	C:\Program Files\Android\Android Studio\jre\bin\server\jvm.dll
0x00007ffd38960000 - 0x00007ffd38a13000 	C:\WINDOWS\System32\ADVAPI32.dll
0x00007ffd3a440000 - 0x00007ffd3a4df000 	C:\WINDOWS\System32\sechost.dll
0x00007ffd3a5f0000 - 0x00007ffd3a716000 	C:\WINDOWS\System32\RPCRT4.dll
0x00007ffd38930000 - 0x00007ffd38957000 	C:\WINDOWS\System32\bcrypt.dll
0x00007ffd3a850000 - 0x00007ffd3a858000 	C:\WINDOWS\System32\PSAPI.DLL
0x00007ffd29090000 - 0x00007ffd29099000 	C:\WINDOWS\SYSTEM32\WSOCK32.dll
0x00007ffd2b4d0000 - 0x00007ffd2b4f7000 	C:\WINDOWS\SYSTEM32\WINMM.dll
0x00007ffd3a860000 - 0x00007ffd3a8cb000 	C:\WINDOWS\System32\WS2_32.dll
0x00007ffd322d0000 - 0x00007ffd322da000 	C:\WINDOWS\SYSTEM32\VERSION.dll
0x00007ffd36870000 - 0x00007ffd36882000 	C:\WINDOWS\SYSTEM32\kernel.appcore.dll
0x00007ffd1b9f0000 - 0x00007ffd1ba01000 	C:\Program Files\Android\Android Studio\jre\bin\verify.dll
0x00007ffd1df40000 - 0x00007ffd1e124000 	C:\WINDOWS\SYSTEM32\DBGHELP.DLL
0x00007ffd19b00000 - 0x00007ffd19b34000 	C:\WINDOWS\SYSTEM32\dbgcore.DLL
0x00007ffd38560000 - 0x00007ffd385e2000 	C:\WINDOWS\System32\bcryptPrimitives.dll
0x00007ffd1b690000 - 0x00007ffd1b6b9000 	C:\Program Files\Android\Android Studio\jre\bin\java.dll
0x00007ffd25e90000 - 0x00007ffd25e9b000 	C:\Program Files\Android\Android Studio\jre\bin\jimage.dll
0x00007ffd1b640000 - 0x00007ffd1b658000 	C:\Program Files\Android\Android Studio\jre\bin\zip.dll
0x00007ffd38c60000 - 0x00007ffd393a5000 	C:\WINDOWS\System32\SHELL32.dll
0x00007ffd35fb0000 - 0x00007ffd3674b000 	C:\WINDOWS\SYSTEM32\windows.storage.dll
0x00007ffd39d30000 - 0x00007ffd3a084000 	C:\WINDOWS\System32\combase.dll
0x00007ffd37a10000 - 0x00007ffd37a3d000 	C:\WINDOWS\SYSTEM32\Wldp.dll
0x00007ffd39c80000 - 0x00007ffd39d2d000 	C:\WINDOWS\System32\SHCORE.dll
0x00007ffd3a200000 - 0x00007ffd3a255000 	C:\WINDOWS\System32\shlwapi.dll
0x00007ffd37f10000 - 0x00007ffd37f35000 	C:\WINDOWS\SYSTEM32\profapi.dll
0x00007ffd1b3c0000 - 0x00007ffd1b3da000 	C:\Program Files\Android\Android Studio\jre\bin\net.dll
0x00007ffd317a0000 - 0x00007ffd318aa000 	C:\WINDOWS\SYSTEM32\WINHTTP.dll
0x00007ffd37770000 - 0x00007ffd377da000 	C:\WINDOWS\system32\mswsock.dll
0x00007ffd1b280000 - 0x00007ffd1b294000 	C:\Program Files\Android\Android Studio\jre\bin\nio.dll
0x00007ffcfb0b0000 - 0x00007ffcfb0d7000 	C:\Users\panpa\.gradle\native\e1d6ef7f7dcc3fd88c89a11ec53ec762bb8ba0a96d01ffa2cd45eb1d1d8dd5c5\windows-amd64\native-platform.dll
0x00007ffce2c70000 - 0x00007ffce2db4000 	C:\Users\panpa\.gradle\native\0d407fdbe67a94daf76414ababcb853783967236a71b16ec16e742cd7a986fd3\windows-amd64\native-platform-file-events.dll
0x00007ffd25a40000 - 0x00007ffd25a4a000 	C:\Program Files\Android\Android Studio\jre\bin\management.dll
0x00007ffd1cbb0000 - 0x00007ffd1cbbd000 	C:\Program Files\Android\Android Studio\jre\bin\management_ext.dll
0x00007ffd37960000 - 0x00007ffd37978000 	C:\WINDOWS\SYSTEM32\CRYPTSP.dll
0x00007ffd37030000 - 0x00007ffd37064000 	C:\WINDOWS\system32\rsaenh.dll
0x00007ffd37ed0000 - 0x00007ffd37efe000 	C:\WINDOWS\SYSTEM32\USERENV.dll
0x00007ffd37980000 - 0x00007ffd3798c000 	C:\WINDOWS\SYSTEM32\CRYPTBASE.dll
0x00007ffd37410000 - 0x00007ffd3744b000 	C:\WINDOWS\SYSTEM32\IPHLPAPI.DLL
0x00007ffd39c70000 - 0x00007ffd39c78000 	C:\WINDOWS\System32\NSI.dll
0x00007ffd326f0000 - 0x00007ffd32707000 	C:\WINDOWS\SYSTEM32\dhcpcsvc6.DLL
0x00007ffd326d0000 - 0x00007ffd326ed000 	C:\WINDOWS\SYSTEM32\dhcpcsvc.DLL
0x00007ffd37460000 - 0x00007ffd3752a000 	C:\WINDOWS\SYSTEM32\DNSAPI.dll
0x00007ffd1b610000 - 0x00007ffd1b637000 	C:\Program Files\Android\Android Studio\jre\bin\sunec.dll

dbghelp: loaded successfully - version: 4.0.5 - missing functions: none
symbol engine: initialized successfully - sym options: 0x614 - pdb path: .;C:\Program Files\Android\Android Studio\jre\bin;C:\WINDOWS\SYSTEM32;C:\WINDOWS\WinSxS\amd64_microsoft.windows.common-controls_6595b64144ccf1df_6.0.19041.3636_none_60b6a03d71f818d5;C:\Program Files\Android\Android Studio\jre\bin\server;C:\Users\panpa\.gradle\native\e1d6ef7f7dcc3fd88c89a11ec53ec762bb8ba0a96d01ffa2cd45eb1d1d8dd5c5\windows-amd64;C:\Users\panpa\.gradle\native\0d407fdbe67a94daf76414ababcb853783967236a71b16ec16e742cd7a986fd3\windows-amd64

VM Arguments:
jvm_args: --add-opens=java.base/java.util=ALL-UNNAMED --add-opens=java.base/java.lang=ALL-UNNAMED --add-opens=java.base/java.lang.invoke=ALL-UNNAMED --add-opens=java.base/java.util=ALL-UNNAMED --add-opens=java.prefs/java.util.prefs=ALL-UNNAMED --add-opens=java.prefs/java.util.prefs=ALL-UNNAMED --add-opens=java.base/java.nio.charset=ALL-UNNAMED --add-opens=java.base/java.net=ALL-UNNAMED --add-opens=java.base/java.util.concurrent.atomic=ALL-UNNAMED -Xmx2048M -Dfile.encoding=windows-1253 -Duser.country=US -Duser.language=en -Duser.variant 
java_command: org.gradle.launcher.daemon.bootstrap.GradleDaemon 7.5
java_class_path (initial): C:\Users\panpa\.gradle\wrapper\dists\gradle-7.5-all\6qsw290k5lz422uaf8jf6m7co\gradle-7.5\lib\gradle-launcher-7.5.jar
Launcher Type: SUN_STANDARD

[Global flags]
     intx CICompilerCount                          = 4                                         {product} {ergonomic}
     uint ConcGCThreads                            = 2                                         {product} {ergonomic}
     uint G1ConcRefinementThreads                  = 8                                         {product} {ergonomic}
   size_t G1HeapRegionSize                         = 1048576                                   {product} {ergonomic}
    uintx GCDrainStackTargetSize                   = 64                                        {product} {ergonomic}
   size_t InitialHeapSize                          = 268435456                                 {product} {ergonomic}
   size_t MarkStackSize                            = 4194304                                   {product} {ergonomic}
   size_t MaxHeapSize                              = 2147483648                                {product} {command line}
   size_t MaxNewSize                               = 1287651328                                {product} {ergonomic}
   size_t MinHeapDeltaBytes                        = 1048576                                   {product} {ergonomic}
    uintx NonNMethodCodeHeapSize                   = 5836300                                {pd product} {ergonomic}
    uintx NonProfiledCodeHeapSize                  = 122910970                              {pd product} {ergonomic}
    uintx ProfiledCodeHeapSize                     = 122910970                              {pd product} {ergonomic}
    uintx ReservedCodeCacheSize                    = 251658240                              {pd product} {ergonomic}
     bool SegmentedCodeCache                       = true                                      {product} {ergonomic}
     bool UseCompressedClassPointers               = true                                 {lp64_product} {ergonomic}
     bool UseCompressedOops                        = true                                 {lp64_product} {ergonomic}
     bool UseG1GC                                  = true                                      {product} {ergonomic}
     bool UseLargePagesIndividualAllocation        = false                                  {pd product} {ergonomic}

Logging:
Log output configuration:
 #0: stdout all=warning uptime,level,tags
 #1: stderr all=off uptime,level,tags

Environment Variables:
JAVA_HOME=C:\Program Files\Android\Android Studio\jre
CLASSPATH=C:\flutter2\ntuaproject\android\\gradle\wrapper\gradle-wrapper.jar
PATH=C:\Program Files\Android\Android Studio\jre\bin;C:\Program Files\Common Files\Oracle\Java\javapath;C:\Program Files (x86)\Common Files\Oracle\Java\javapath;C:\Program Files\Microsoft\jdk-11.0.12.7-hotspot\bin;C:\WINDOWS\system32;C:\WINDOWS;C:\WINDOWS\System32\Wbem;C:\WINDOWS\System32\WindowsPowerShell\v1.0\;C:\WINDOWS\System32\OpenSSH\;C:\Program Files\PuTTY\;C:\Program Files\NVIDIA Corporation\NVIDIA NvDLISR;C:\Program Files (x86)\NVIDIA Corporation\PhysX\Common;C:\Program Files\dotnet\;C:\Program Files (x86)\AOMEI\AOMEI Backupper\6.5.0;C:\Program Files (x86)\Pico Technology\PicoScope6\;C:\Program Files\MATLAB\R2021b\bin;C:\Program Files\Microsoft SQL Server\150\Tools\Binn\;C:\Program Files\Microsoft SQL Server\Client SDK\ODBC\170\Tools\Binn\;C:\Program Files\swipl\bin;C:\Program Files (x86)\SMLNJ\bin\;C:\Program Files\Git\cmd;C:\Program Files\OpenVPN\bin;C:\flutter\bin;C:\flutter\flutter\bin;C:\Program Files (x86)\SMLNJ\bin;C:\Users\panpa\AppData\Local\Programs\Microsoft VS Code\bin;;C:\flutter\flutter\bin\mingit\cmd
USERNAME=panpa
OS=Windows_NT
PROCESSOR_IDENTIFIER=Intel64 Family 6 Model 60 Stepping 3, GenuineIntel



---------------  S Y S T E M  ---------------

OS: Windows 10 , 64 bit Build 19041 (10.0.19041.3636)
OS uptime: 1 days 0:14 hours

CPU:total 8 (initial active 8) (4 cores per cpu, 2 threads per core) family 6 model 60 stepping 3 microcode 0x27, cmov, cx8, fxsr, mmx, sse, sse2, sse3, ssse3, sse4.1, sse4.2, popcnt, avx, avx2, aes, clmul, erms, lzcnt, ht, tsc, tscinvbit, bmi1, bmi2, fma

Memory: 4k page, system-wide physical 16303M (2055M free)
TotalPageFile size 18351M (AvailPageFile size 0M)
current process WorkingSet (physical memory assigned to process): 580M, peak: 648M
current process commit charge ("private bytes"): 631M, peak: 695M

vm_info: OpenJDK 64-Bit Server VM (11.0.13+0-b1751.21-8125866) for windows-amd64 JRE (11.0.13+0-b1751.21-8125866), built on Feb  2 2022 03:00:22 by "builder" with MS VC++ 14.0 (VS2015)

END.
