#
# There is insufficient memory for the Java Runtime Environment to continue.
# Native memory allocation (mmap) failed to map 268435456 bytes for G1 virtual space
# Possible reasons:
#   The system is out of physical RAM or swap space
#   The process is running with CompressedOops enabled, and the Java Heap may be blocking the growth of the native heap
# Possible solutions:
#   Reduce memory load on the system
#   Increase physical memory or swap space
#   Check if swap backing store is full
#   Decrease Java heap size (-Xmx/-Xms)
#   Decrease number of Java threads
#   Decrease Java thread stack sizes (-Xss)
#   Set larger code cache with -XX:ReservedCodeCacheSize=
#   JVM is running with Zero Based Compressed Oops mode in which the Java heap is
#     placed in the first 32GB address space. The Java Heap base address is the
#     maximum limit for the native heap growth. Please use -XX:HeapBaseMinAddress
#     to set the Java Heap base and to place the Java Heap above 32GB virtual address.
# This output file may be truncated or incomplete.
#
#  Out of Memory Error (os_windows.cpp:3600), pid=14464, tid=12516
#
# JRE version:  (21.0.1+12) (build )
# Java VM: Java HotSpot(TM) 64-Bit Server VM (21.0.1+12-LTS-29, mixed mode, sharing, tiered, compressed oops, compressed class ptrs, g1 gc, windows-amd64)
# No core dump will be written. Minidumps are not enabled by default on client versions of Windows
#

---------------  S U M M A R Y ------------

Command Line: 

Host: Intel(R) Core(TM) i7-4710HQ CPU @ 2.50GHz, 8 cores, 15G,  Windows 10 , 64 bit Build 19041 (10.0.19041.3636)
Time: Thu Jan 11 13:06:49 2024 GTB Standard Time elapsed time: 0.056511 seconds (0d 0h 0m 0s)

---------------  T H R E A D  ---------------

Current thread (0x00000164a3f5c530):  JavaThread "Unknown thread" [_thread_in_vm, id=12516, stack(0x0000003927600000,0x0000003927700000) (1024K)]

Stack: [0x0000003927600000,0x0000003927700000]
Native frames: (J=compiled Java code, j=interpreted, Vv=VM code, C=native code)
V  [jvm.dll+0x6c9029]
V  [jvm.dll+0x854b81]
V  [jvm.dll+0x856e5e]
V  [jvm.dll+0x857543]
V  [jvm.dll+0x280c06]
V  [jvm.dll+0x6c5715]
V  [jvm.dll+0x6ba10a]
V  [jvm.dll+0x3557ea]
V  [jvm.dll+0x35d436]
V  [jvm.dll+0x3ae1be]
V  [jvm.dll+0x3ae468]
V  [jvm.dll+0x3291fc]
V  [jvm.dll+0x329d8b]
V  [jvm.dll+0x81d179]
V  [jvm.dll+0x3bb4f1]
V  [jvm.dll+0x805ae8]
V  [jvm.dll+0x44effe]
V  [jvm.dll+0x450901]
C  [jli.dll+0x52a3]
C  [ucrtbase.dll+0x21bb2]
C  [KERNEL32.DLL+0x17344]
C  [ntdll.dll+0x526b1]


---------------  P R O C E S S  ---------------

Threads class SMR info:
_java_thread_list=0x00007ff8df7b9b88, length=0, elements={
}

Java Threads: ( => current thread )
Total: 0

Other Threads:
  0x00000164a6250e30 WorkerThread "GC Thread#0"                     [id=2988, stack(0x0000003927700000,0x0000003927800000) (1024K)]
  0x00000164a6262e30 ConcurrentGCThread "G1 Main Marker"            [id=16508, stack(0x0000003927800000,0x0000003927900000) (1024K)]
  0x00000164a6263930 WorkerThread "G1 Conc#0"                       [id=17708, stack(0x0000003927900000,0x0000003927a00000) (1024K)]

[error occurred during error reporting (printing all threads), id 0xc0000005, EXCEPTION_ACCESS_VIOLATION (0xc0000005) at pc=0x00007ff8def2c2c7]
VM state: not at safepoint (not fully initialized)

VM Mutex/Monitor currently owned by a thread:  ([mutex/lock_event])
[0x00007ff8df82a6f8] Heap_lock - owner thread: 0x00000164a3f5c530

Heap address: 0x0000000701400000, size: 4076 MB, Compressed Oops mode: Zero based, Oop shift amount: 3

CDS archive(s) mapped at: [0x0000000000000000-0x0000000000000000-0x0000000000000000), size 0, SharedBaseAddress: 0x0000000800000000, ArchiveRelocationMode: 1.
Narrow klass base: 0x0000000000000000, Narrow klass shift: 0, Narrow klass range: 0x0

GC Precious Log:
 CardTable entry size: 512
 Card Set container configuration: InlinePtr #cards 4 size 8 Array Of Cards #cards 16 size 48 Howl #buckets 8 coarsen threshold 3686 Howl Bitmap #cards 512 size 80 coarsen threshold 460 Card regions per heap region 1 cards per card region 4096

Heap:
 garbage-first heap   total 0K, used 0K [0x0000000701400000, 0x0000000800000000)
  region size 2048K, 0 young (0K), 0 survivors (0K)

[error occurred during error reporting (printing heap information), id 0xc0000005, EXCEPTION_ACCESS_VIOLATION (0xc0000005) at pc=0x00007ff8df311be9]
GC Heap History (0 events):
No events

Dll operation events (1 events):
Event: 0.031 Loaded shared library C:\Program Files\Java\jdk-21\bin\java.dll

Deoptimization events (0 events):
No events

Classes loaded (0 events):
No events

Classes unloaded (0 events):
No events

Classes redefined (0 events):
No events

Internal exceptions (0 events):
No events

ZGC Phase Switch (0 events):
No events

VM Operations (0 events):
No events

Events (0 events):
No events


Dynamic libraries:
0x00007ff674940000 - 0x00007ff674950000 	C:\Program Files\Java\jdk-21\bin\java.exe
0x00007ff957290000 - 0x00007ff957488000 	C:\WINDOWS\SYSTEM32\ntdll.dll
0x00007ff955770000 - 0x00007ff95582d000 	C:\WINDOWS\System32\KERNEL32.DLL
0x00007ff954de0000 - 0x00007ff9550d6000 	C:\WINDOWS\System32\KERNELBASE.dll
0x00007ff954960000 - 0x00007ff954a60000 	C:\WINDOWS\System32\ucrtbase.dll
0x00007ff940720000 - 0x00007ff94073b000 	C:\Program Files\Java\jdk-21\bin\VCRUNTIME140.dll
0x00007ff93fdd0000 - 0x00007ff93fde9000 	C:\Program Files\Java\jdk-21\bin\jli.dll
0x00007ff957190000 - 0x00007ff957243000 	C:\WINDOWS\System32\ADVAPI32.dll
0x00007ff955610000 - 0x00007ff9556ae000 	C:\WINDOWS\System32\msvcrt.dll
0x00007ff9570f0000 - 0x00007ff95718f000 	C:\WINDOWS\System32\sechost.dll
0x00007ff956230000 - 0x00007ff956356000 	C:\WINDOWS\System32\RPCRT4.dll
0x00007ff9550e0000 - 0x00007ff955107000 	C:\WINDOWS\System32\bcrypt.dll
0x00007ff956500000 - 0x00007ff95669e000 	C:\WINDOWS\System32\USER32.dll
0x00007ff9551b0000 - 0x00007ff9551d2000 	C:\WINDOWS\System32\win32u.dll
0x00007ff949a70000 - 0x00007ff949d0a000 	C:\WINDOWS\WinSxS\amd64_microsoft.windows.common-controls_6595b64144ccf1df_6.0.19041.3636_none_60b6a03d71f818d5\COMCTL32.dll
0x00007ff955740000 - 0x00007ff95576c000 	C:\WINDOWS\System32\GDI32.dll
0x00007ff954af0000 - 0x00007ff954c0a000 	C:\WINDOWS\System32\gdi32full.dll
0x00007ff955110000 - 0x00007ff9551ad000 	C:\WINDOWS\System32\msvcp_win.dll
0x00007ff94f6e0000 - 0x00007ff94f6ea000 	C:\WINDOWS\SYSTEM32\VERSION.dll
0x00007ff9556b0000 - 0x00007ff9556e0000 	C:\WINDOWS\System32\IMM32.DLL
0x00007ff94de60000 - 0x00007ff94de6c000 	C:\Program Files\Java\jdk-21\bin\vcruntime140_1.dll
0x00007ff9338e0000 - 0x00007ff93396e000 	C:\Program Files\Java\jdk-21\bin\msvcp140.dll
0x00007ff8debf0000 - 0x00007ff8df905000 	C:\Program Files\Java\jdk-21\bin\server\jvm.dll
0x00007ff9567d0000 - 0x00007ff95683b000 	C:\WINDOWS\System32\WS2_32.dll
0x00007ff953eb0000 - 0x00007ff953efb000 	C:\WINDOWS\SYSTEM32\POWRPROF.dll
0x00007ff93f430000 - 0x00007ff93f457000 	C:\WINDOWS\SYSTEM32\WINMM.dll
0x00007ff953d70000 - 0x00007ff953d82000 	C:\WINDOWS\SYSTEM32\UMPDC.dll
0x00007ff9531d0000 - 0x00007ff9531e2000 	C:\WINDOWS\SYSTEM32\kernel.appcore.dll
0x00007ff9407a0000 - 0x00007ff9407aa000 	C:\Program Files\Java\jdk-21\bin\jimage.dll
0x00007ff94e8d0000 - 0x00007ff94eab4000 	C:\WINDOWS\SYSTEM32\DBGHELP.DLL
0x00007ff94e890000 - 0x00007ff94e8c4000 	C:\WINDOWS\SYSTEM32\dbgcore.DLL
0x00007ff954a60000 - 0x00007ff954ae2000 	C:\WINDOWS\System32\bcryptPrimitives.dll
0x00007ff93fbd0000 - 0x00007ff93fbef000 	C:\Program Files\Java\jdk-21\bin\java.dll

dbghelp: loaded successfully - version: 4.0.5 - missing functions: none
symbol engine: initialized successfully - sym options: 0x614 - pdb path: .;C:\Program Files\Java\jdk-21\bin;C:\WINDOWS\SYSTEM32;C:\WINDOWS\WinSxS\amd64_microsoft.windows.common-controls_6595b64144ccf1df_6.0.19041.3636_none_60b6a03d71f818d5;C:\Program Files\Java\jdk-21\bin\server

VM Arguments:
java_command: <unknown>
java_class_path (initial): <not set>
Launcher Type: SUN_STANDARD

[Global flags]
     intx CICompilerCount                          = 4                                         {product} {ergonomic}
     uint ConcGCThreads                            = 2                                         {product} {ergonomic}
     uint G1ConcRefinementThreads                  = 8                                         {product} {ergonomic}
   size_t G1HeapRegionSize                         = 2097152                                   {product} {ergonomic}
    uintx GCDrainStackTargetSize                   = 64                                        {product} {ergonomic}
   size_t InitialHeapSize                          = 268435456                                 {product} {ergonomic}
   size_t MarkStackSize                            = 4194304                                   {product} {ergonomic}
   size_t MaxHeapSize                              = 4273995776                                {product} {ergonomic}
   size_t MinHeapDeltaBytes                        = 2097152                                   {product} {ergonomic}
   size_t MinHeapSize                              = 8388608                                   {product} {ergonomic}
    uintx NonNMethodCodeHeapSize                   = 5839372                                {pd product} {ergonomic}
    uintx NonProfiledCodeHeapSize                  = 122909434                              {pd product} {ergonomic}
    uintx ProfiledCodeHeapSize                     = 122909434                              {pd product} {ergonomic}
    uintx ReservedCodeCacheSize                    = 251658240                              {pd product} {ergonomic}
     bool SegmentedCodeCache                       = true                                      {product} {ergonomic}
   size_t SoftMaxHeapSize                          = 4273995776                             {manageable} {ergonomic}
     bool UseCompressedOops                        = true                           {product lp64_product} {ergonomic}
     bool UseG1GC                                  = true                                      {product} {ergonomic}
     bool UseLargePagesIndividualAllocation        = false                                  {pd product} {ergonomic}

Logging:
Log output configuration:
 #0: stdout all=warning uptime,level,tags foldmultilines=false
 #1: stderr all=off uptime,level,tags foldmultilines=false

Environment Variables:
PATH=C:\Program Files\Common Files\Oracle\Java\javapath;C:\Program Files\Common Files\Oracle\Java\javapath;C:\Program Files (x86)\Common Files\Oracle\Java\javapath;C:\Program Files\Microsoft\jdk-11.0.12.7-hotspot\bin;C:\WINDOWS\system32;C:\WINDOWS;C:\WINDOWS\System32\Wbem;C:\WINDOWS\System32\WindowsPowerShell\v1.0\;C:\WINDOWS\System32\OpenSSH\;C:\Program Files\PuTTY\;C:\Program Files\NVIDIA Corporation\NVIDIA NvDLISR;C:\Program Files (x86)\NVIDIA Corporation\PhysX\Common;C:\Program Files\dotnet\;C:\Program Files (x86)\AOMEI\AOMEI Backupper\6.5.0;C:\Program Files (x86)\Pico Technology\PicoScope6\;C:\Program Files\MATLAB\R2021b\bin;C:\Program Files\Microsoft SQL Server\150\Tools\Binn\;C:\Program Files\Microsoft SQL Server\Client SDK\ODBC\170\Tools\Binn\;C:\Program Files\swipl\bin;C:\Program Files (x86)\SMLNJ\bin\;C:\Program Files\Git\cmd;C:\Program Files\OpenVPN\bin;C:\flutter\bin;C:\flutter\flutter\bin;C:\Program Files (x86)\SMLNJ\bin;C:\Users\panpa\AppData\Local\Programs\Microsoft VS Code\bin;;C:\flutter\flutter\bin\mingit\cmd
USERNAME=panpa
OS=Windows_NT
PROCESSOR_IDENTIFIER=Intel64 Family 6 Model 60 Stepping 3, GenuineIntel
TMP=C:\Users\panpa\AppData\Local\Temp
TEMP=C:\Users\panpa\AppData\Local\Temp




Periodic native trim disabled

---------------  S Y S T E M  ---------------

OS:
 Windows 10 , 64 bit Build 19041 (10.0.19041.3636)
OS uptime: 0 days 17:31 hours

CPU: total 8 (initial active 8) (4 cores per cpu, 2 threads per core) family 6 model 60 stepping 3 microcode 0x27, cx8, cmov, fxsr, ht, mmx, sse, sse2, sse3, ssse3, sse4.1, sse4.2, popcnt, lzcnt, tsc, tscinvbit, avx, avx2, aes, erms, clmul, bmi1, bmi2, fma, vzeroupper, clflush, rdtscp, f16c
Processor Information for all 8 processors :
  Max Mhz: 2501, Current Mhz: 2501, Mhz Limit: 2501

Memory: 4k page, system-wide physical 16303M (2256M free)
TotalPageFile size 18351M (AvailPageFile size 3M)
current process WorkingSet (physical memory assigned to process): 10M, peak: 10M
current process commit charge ("private bytes"): 60M, peak: 316M

vm_info: Java HotSpot(TM) 64-Bit Server VM (21.0.1+12-LTS-29) for windows-amd64 JRE (21.0.1+12-LTS-29), built on 2023-10-05T13:27:09Z by "mach5one" with MS VC++ 17.1 (VS2022)

END.
